2017-06-19 13:37:01.600040 --->>> CONNECT --->>> CONNECTION SUCCESSFUL
2017-06-19 14:20:41.029791 --->>> CONNECT --->>> CONNECTION SUCCESSFUL
2017-06-19 14:20:51.215470 --->>> CONNECT --->>> CONNECTION SUCCESSFUL
2017-06-19 14:40:37.669286 --->>> CONNECT --->>> CONNECTION SUCCESSFUL
2017-06-19 17:51:39.516361 --->>> CONNECT --->>> CONNECTION SUCCESSFUL
2017-06-19 17:51:39.606854 --->>> CONNECT --->>> CONNECTION SUCCESSFUL
2017-06-19 17:51:42.273574 --->>> CONNECT --->>> CONNECTION SUCCESSFUL
2017-06-19 17:51:42.363037 --->>> CONNECT --->>> CONNECTION SUCCESSFUL
2017-06-19 17:51:43.894362 --->>> CONNECT --->>> CONNECTION SUCCESSFUL
2017-06-19 17:51:43.982408 --->>> CONNECT --->>> CONNECTION SUCCESSFUL
2017-06-19 17:59:03.119274 --->>> CONNECT --->>> CONNECTION SUCCESSFUL
2017-06-19 17:59:03.205539 --->>> CONNECT --->>> CONNECTION SUCCESSFUL
2017-06-19 17:59:29.582450 --->>> CONNECT --->>> CONNECTION SUCCESSFUL
2017-06-19 17:59:29.673234 --->>> CONNECT --->>> CONNECTION SUCCESSFUL
2017-06-19 17:59:37.426459 --->>> CONNECT --->>> CONNECTION SUCCESSFUL
2017-06-19 17:59:37.514473 --->>> CONNECT --->>> CONNECTION SUCCESSFUL
2017-06-19 17:59:38.549670 --->>> CONNECT --->>> CONNECTION SUCCESSFUL
2017-06-19 17:59:38.640551 --->>> CONNECT --->>> CONNECTION SUCCESSFUL
2017-06-19 17:59:39.614108 --->>> CONNECT --->>> CONNECTION SUCCESSFUL
2017-06-19 17:59:39.703189 --->>> CONNECT --->>> CONNECTION SUCCESSFUL
2017-06-19 17:59:42.393998 --->>> CONNECT --->>> CONNECTION SUCCESSFUL
2017-06-19 17:59:42.481211 --->>> CONNECT --->>> CONNECTION SUCCESSFUL
2017-06-19 18:00:41.059988 --->>> CONNECT --->>> CONNECTION SUCCESSFUL
2017-06-19 18:00:41.151994 --->>> CONNECT --->>> CONNECTION SUCCESSFUL
2017-06-19 18:07:09.867020 --->>> CON_ERROR --->>> (2003, "Can't connect to MySQL server on '94.142.139.89' (timed out)")
2017-06-19 18:07:19.876151 --->>> CON_ERROR --->>> (2003, "Can't connect to MySQL server on '94.142.139.89' (timed out)")
2017-06-19 18:07:40.828910 --->>> CON_ERROR --->>> (2003, "Can't connect to MySQL server on '94.142.139.89' (timed out)")
2017-06-19 18:07:50.839276 --->>> CON_ERROR --->>> (2003, "Can't connect to MySQL server on '94.142.139.89' (timed out)")
2017-06-19 18:08:15.694791 --->>> CON_ERROR --->>> (2003, "Can't connect to MySQL server on '94.142.139.89' (timed out)")
2017-06-19 18:08:57.491009 --->>> CONNECT --->>> CONNECTION SUCCESSFUL
2017-06-19 18:08:57.576811 --->>> CONNECT --->>> CONNECTION SUCCESSFUL
2017-06-19 18:09:01.423377 --->>> CONNECT --->>> CONNECTION SUCCESSFUL
2017-06-19 18:09:01.511180 --->>> CONNECT --->>> CONNECTION SUCCESSFUL
2017-06-19 18:09:13.059210 --->>> CONNECT --->>> CONNECTION SUCCESSFUL
2017-06-19 18:09:13.147951 --->>> CONNECT --->>> CONNECTION SUCCESSFUL
2017-06-19 18:10:01.853910 --->>> CONNECT --->>> CONNECTION SUCCESSFUL
2017-06-19 18:10:01.946175 --->>> CONNECT --->>> CONNECTION SUCCESSFUL
2017-06-19 18:13:14.046650 --->>> CONNECT --->>> CONNECTION SUCCESSFUL
2017-06-19 18:13:14.137096 --->>> CONNECT --->>> CONNECTION SUCCESSFUL
2017-06-19 18:13:34.019676 --->>> CONNECT --->>> CONNECTION SUCCESSFUL
2017-06-19 18:13:34.106902 --->>> CONNECT --->>> CONNECTION SUCCESSFUL
2017-06-19 18:13:37.779959 --->>> CONNECT --->>> CONNECTION SUCCESSFUL
2017-06-19 18:13:37.868399 --->>> CONNECT --->>> CONNECTION SUCCESSFUL
2017-06-19 18:13:39.695086 --->>> CONNECT --->>> CONNECTION SUCCESSFUL
2017-06-19 18:13:39.783169 --->>> CONNECT --->>> CONNECTION SUCCESSFUL
2017-06-19 20:53:46.107509 --->>> CONNECT --->>> CONNECTION SUCCESSFUL
2017-06-19 20:53:46.196103 --->>> CONNECT --->>> CONNECTION SUCCESSFUL
2017-06-19 20:55:48.499978 --->>> CONNECT --->>> CONNECTION SUCCESSFUL
2017-06-19 20:55:48.590143 --->>> CONNECT --->>> CONNECTION SUCCESSFUL
2017-06-19 20:55:49.926255 --->>> CONNECT --->>> CONNECTION SUCCESSFUL
2017-06-19 20:55:50.014533 --->>> CONNECT --->>> CONNECTION SUCCESSFUL
2017-06-19 20:56:28.050709 --->>> CONNECT --->>> CONNECTION SUCCESSFUL
2017-06-19 20:56:28.140636 --->>> CONNECT --->>> CONNECTION SUCCESSFUL
2017-06-20 11:11:37.719492 --->>> CONNECT --->>> CONNECTION SUCCESSFUL
2017-06-20 11:11:37.816963 --->>> CONNECT --->>> CONNECTION SUCCESSFUL
2017-06-20 11:12:18.212152 --->>> CONNECT --->>> CONNECTION SUCCESSFUL
2017-06-20 11:12:18.307067 --->>> CONNECT --->>> CONNECTION SUCCESSFUL
2017-06-20 11:12:42.367448 --->>> CONNECT --->>> CONNECTION SUCCESSFUL
2017-06-20 11:12:42.463505 --->>> CONNECT --->>> CONNECTION SUCCESSFUL
2017-06-20 11:13:37.551661 --->>> CONNECT --->>> CONNECTION SUCCESSFUL
2017-06-20 11:13:37.647375 --->>> CONNECT --->>> CONNECTION SUCCESSFUL
2017-06-20 11:14:15.025521 --->>> CONNECT --->>> CONNECTION SUCCESSFUL
2017-06-20 11:14:15.118753 --->>> CONNECT --->>> CONNECTION SUCCESSFUL
2017-06-20 11:15:53.503361 --->>> CONNECT --->>> CONNECTION SUCCESSFUL
2017-06-20 11:15:53.596771 --->>> CONNECT --->>> CONNECTION SUCCESSFUL
2017-06-20 11:16:06.210138 --->>> CONNECT --->>> CONNECTION SUCCESSFUL
2017-06-20 11:16:06.303609 --->>> CONNECT --->>> CONNECTION SUCCESSFUL
2017-06-20 11:29:55.722864 --->>> CONNECT --->>> CONNECTION SUCCESSFUL
2017-06-20 11:29:55.817024 --->>> CONNECT --->>> CONNECTION SUCCESSFUL
2017-06-20 11:36:52.312786 --->>> CONNECT --->>> CONNECTION SUCCESSFUL
2017-06-20 11:36:52.408019 --->>> CONNECT --->>> CONNECTION SUCCESSFUL
2017-06-20 11:40:53.230041 --->>> CONNECT --->>> CONNECTION SUCCESSFUL
2017-06-20 11:40:53.325592 --->>> CONNECT --->>> CONNECTION SUCCESSFUL
2017-06-20 11:43:47.654192 --->>> CONNECT --->>> CONNECTION SUCCESSFUL
2017-06-20 11:43:47.747258 --->>> CONNECT --->>> CONNECTION SUCCESSFUL
2017-06-20 11:44:40.148526 --->>> CONNECT --->>> CONNECTION SUCCESSFUL
2017-06-20 11:44:40.248219 --->>> CONNECT --->>> CONNECTION SUCCESSFUL
2017-06-20 11:45:31.644411 --->>> CONNECT --->>> CONNECTION SUCCESSFUL
2017-06-20 11:45:31.739780 --->>> CONNECT --->>> CONNECTION SUCCESSFUL
2017-06-20 11:45:55.778999 --->>> CONNECT --->>> CONNECTION SUCCESSFUL
2017-06-20 11:45:55.874096 --->>> CONNECT --->>> CONNECTION SUCCESSFUL
2017-06-20 11:47:01.396002 --->>> CONNECT --->>> CONNECTION SUCCESSFUL
2017-06-20 11:47:01.491074 --->>> CONNECT --->>> CONNECTION SUCCESSFUL
2017-06-20 11:48:28.429658 --->>> CONNECT --->>> CONNECTION SUCCESSFUL
2017-06-20 11:48:28.524293 --->>> CONNECT --->>> CONNECTION SUCCESSFUL
2017-06-20 11:48:46.194404 --->>> CONNECT --->>> CONNECTION SUCCESSFUL
2017-06-20 11:48:46.290221 --->>> CONNECT --->>> CONNECTION SUCCESSFUL
2017-06-20 11:49:45.676403 --->>> CONNECT --->>> CONNECTION SUCCESSFUL
2017-06-20 11:49:45.771116 --->>> CONNECT --->>> CONNECTION SUCCESSFUL
2017-06-20 11:51:06.730331 --->>> CONNECT --->>> CONNECTION SUCCESSFUL
2017-06-20 11:51:06.834836 --->>> CONNECT --->>> CONNECTION SUCCESSFUL
2017-06-24 11:57:02.873672 --->>> CONNECT --->>> CONNECTION SUCCESSFUL
2017-06-24 11:57:02.964062 --->>> CONNECT --->>> CONNECTION SUCCESSFUL
2017-06-24 11:57:44.742196 --->>> CONNECT --->>> CONNECTION SUCCESSFUL
2017-06-24 11:57:44.828221 --->>> CONNECT --->>> CONNECTION SUCCESSFUL
2017-06-24 11:57:46.608425 --->>> CONNECT --->>> CONNECTION SUCCESSFUL
2017-06-24 11:57:46.699039 --->>> CONNECT --->>> CONNECTION SUCCESSFUL
2017-06-24 11:57:47.802953 --->>> CONNECT --->>> CONNECTION SUCCESSFUL
2017-06-24 11:57:47.902882 --->>> CONNECT --->>> CONNECTION SUCCESSFUL
2017-06-24 11:58:10.920276 --->>> CONNECT --->>> CONNECTION SUCCESSFUL
2017-06-24 11:58:11.009309 --->>> CONNECT --->>> CONNECTION SUCCESSFUL
2017-06-24 11:58:16.482232 --->>> CONNECT --->>> CONNECTION SUCCESSFUL
2017-06-24 11:58:16.568953 --->>> CONNECT --->>> CONNECTION SUCCESSFUL
2017-06-24 11:58:25.762235 --->>> CONNECT --->>> CONNECTION SUCCESSFUL
2017-06-24 11:58:25.848601 --->>> CONNECT --->>> CONNECTION SUCCESSFUL
2017-06-24 14:17:23.635693 --->>> CONNECT --->>> CONNECTION SUCCESSFUL
2017-06-24 14:17:23.723848 --->>> CONNECT --->>> CONNECTION SUCCESSFUL
2017-06-24 14:17:38.678415 --->>> CONNECT --->>> CONNECTION SUCCESSFUL
2017-06-24 14:17:38.765372 --->>> CONNECT --->>> CONNECTION SUCCESSFUL
2017-06-24 14:18:03.420536 --->>> CONNECT --->>> CONNECTION SUCCESSFUL
2017-06-24 14:18:03.508205 --->>> CONNECT --->>> CONNECTION SUCCESSFUL
2017-06-24 14:19:53.932971 --->>> CONNECT --->>> CONNECTION SUCCESSFUL
2017-06-24 14:19:54.022279 --->>> CONNECT --->>> CONNECTION SUCCESSFUL
2017-06-24 14:20:50.587678 --->>> CONNECT --->>> CONNECTION SUCCESSFUL
2017-06-24 14:20:50.673738 --->>> CONNECT --->>> CONNECTION SUCCESSFUL
2017-06-24 14:27:16.031462 --->>> CONNECT --->>> CONNECTION SUCCESSFUL
2017-06-24 14:27:16.119021 --->>> CONNECT --->>> CONNECTION SUCCESSFUL
2017-06-24 14:30:20.497866 --->>> CONNECT --->>> CONNECTION SUCCESSFUL
2017-06-24 14:30:20.588761 --->>> CONNECT --->>> CONNECTION SUCCESSFUL
2017-06-24 14:30:26.031740 --->>> CONNECT --->>> CONNECTION SUCCESSFUL
2017-06-24 14:30:26.120715 --->>> CONNECT --->>> CONNECTION SUCCESSFUL
2017-06-24 14:30:50.475061 --->>> CONNECT --->>> CONNECTION SUCCESSFUL
2017-06-24 14:30:50.565631 --->>> CONNECT --->>> CONNECTION SUCCESSFUL
2017-06-24 14:30:56.109380 --->>> CONNECT --->>> CONNECTION SUCCESSFUL
2017-06-24 14:30:56.197640 --->>> CONNECT --->>> CONNECTION SUCCESSFUL
2017-06-24 14:31:50.919930 --->>> CONNECT --->>> CONNECTION SUCCESSFUL
2017-06-24 14:31:51.008733 --->>> CONNECT --->>> CONNECTION SUCCESSFUL
2017-06-24 14:31:55.889362 --->>> CONNECT --->>> CONNECTION SUCCESSFUL
2017-06-24 14:31:55.977436 --->>> CONNECT --->>> CONNECTION SUCCESSFUL
2017-06-24 14:32:19.051214 --->>> CONNECT --->>> CONNECTION SUCCESSFUL
2017-06-24 14:32:19.139641 --->>> CONNECT --->>> CONNECTION SUCCESSFUL
2017-06-24 14:32:21.042307 --->>> CONNECT --->>> CONNECTION SUCCESSFUL
2017-06-24 14:32:21.128437 --->>> CONNECT --->>> CONNECTION SUCCESSFUL
2017-06-24 14:32:22.519640 --->>> CONNECT --->>> CONNECTION SUCCESSFUL
2017-06-24 14:32:22.607542 --->>> CONNECT --->>> CONNECTION SUCCESSFUL
2017-06-24 14:32:24.606185 --->>> CONNECT --->>> CONNECTION SUCCESSFUL
2017-06-24 14:32:24.694317 --->>> CONNECT --->>> CONNECTION SUCCESSFUL
2017-06-24 14:32:24.776015 --->>> CONNECT --->>> CONNECTION SUCCESSFUL
2017-06-24 14:32:24.776555 --->>> CONNECT --->>> CONNECTION SUCCESSFUL
2017-06-24 14:32:24.862879 --->>> CONNECT --->>> CONNECTION SUCCESSFUL
2017-06-24 14:32:24.866551 --->>> CONNECT --->>> CONNECTION SUCCESSFUL
2017-06-24 14:32:36.146182 --->>> CONNECT --->>> CONNECTION SUCCESSFUL
2017-06-24 14:32:36.236357 --->>> CONNECT --->>> CONNECTION SUCCESSFUL
2017-06-24 14:32:38.392386 --->>> CONNECT --->>> CONNECTION SUCCESSFUL
2017-06-24 14:32:38.483055 --->>> CONNECT --->>> CONNECTION SUCCESSFUL
2017-06-24 14:32:39.709638 --->>> CONNECT --->>> CONNECTION SUCCESSFUL
2017-06-24 14:32:39.798789 --->>> CONNECT --->>> CONNECTION SUCCESSFUL
2017-06-24 14:32:40.975580 --->>> CONNECT --->>> CONNECTION SUCCESSFUL
2017-06-24 14:32:41.063189 --->>> CONNECT --->>> CONNECTION SUCCESSFUL
2017-06-24 14:32:43.956774 --->>> CONNECT --->>> CONNECTION SUCCESSFUL
2017-06-24 14:32:44.044499 --->>> CONNECT --->>> CONNECTION SUCCESSFUL
2017-06-24 14:32:47.738354 --->>> CONNECT --->>> CONNECTION SUCCESSFUL
2017-06-24 14:32:47.826636 --->>> CONNECT --->>> CONNECTION SUCCESSFUL
2017-06-24 14:32:54.851222 --->>> CONNECT --->>> CONNECTION SUCCESSFUL
2017-06-24 14:32:54.939190 --->>> CONNECT --->>> CONNECTION SUCCESSFUL
2017-06-24 14:39:12.948548 --->>> CONNECT --->>> CONNECTION SUCCESSFUL
2017-06-24 14:39:13.039572 --->>> CONNECT --->>> CONNECTION SUCCESSFUL
2017-06-24 14:39:27.402648 --->>> CONNECT --->>> CONNECTION SUCCESSFUL
2017-06-24 14:39:27.493486 --->>> CONNECT --->>> CONNECTION SUCCESSFUL
2017-06-24 14:42:31.319162 --->>> CONNECT --->>> CONNECTION SUCCESSFUL
2017-06-24 14:42:31.408084 --->>> CONNECT --->>> CONNECTION SUCCESSFUL
2017-06-24 14:42:32.610077 --->>> CONNECT --->>> CONNECTION SUCCESSFUL
2017-06-24 14:42:32.698194 --->>> CONNECT --->>> CONNECTION SUCCESSFUL
2017-06-24 14:56:56.674518 --->>> CONNECT --->>> CONNECTION SUCCESSFUL
2017-06-24 14:56:56.766111 --->>> CONNECT --->>> CONNECTION SUCCESSFUL
2017-06-24 14:57:19.008088 --->>> CONNECT --->>> CONNECTION SUCCESSFUL
2017-06-24 14:57:19.094503 --->>> CONNECT --->>> CONNECTION SUCCESSFUL
2017-06-24 14:57:20.972507 --->>> CONNECT --->>> CONNECTION SUCCESSFUL
2017-06-24 14:57:21.059205 --->>> CONNECT --->>> CONNECTION SUCCESSFUL
2017-06-24 14:57:24.355272 --->>> CONNECT --->>> CONNECTION SUCCESSFUL
2017-06-24 14:57:24.445881 --->>> CONNECT --->>> CONNECTION SUCCESSFUL
2017-06-24 14:57:53.722340 --->>> CONNECT --->>> CONNECTION SUCCESSFUL
2017-06-24 14:57:53.811178 --->>> CONNECT --->>> CONNECTION SUCCESSFUL
2017-06-24 14:58:52.472587 --->>> CONNECT --->>> CONNECTION SUCCESSFUL
2017-06-24 14:58:52.563575 --->>> CONNECT --->>> CONNECTION SUCCESSFUL
2017-06-24 14:58:56.375078 --->>> CONNECT --->>> CONNECTION SUCCESSFUL
2017-06-24 14:58:56.462997 --->>> CONNECT --->>> CONNECTION SUCCESSFUL
2017-06-24 15:00:32.402363 --->>> CONNECT --->>> CONNECTION SUCCESSFUL
2017-06-24 15:00:32.491636 --->>> CONNECT --->>> CONNECTION SUCCESSFUL
2017-06-24 15:01:14.824505 --->>> CONNECT --->>> CONNECTION SUCCESSFUL
2017-06-24 15:01:14.912702 --->>> CONNECT --->>> CONNECTION SUCCESSFUL
2017-06-24 15:04:02.896253 --->>> CONNECT --->>> CONNECTION SUCCESSFUL
2017-06-24 15:04:02.985966 --->>> CONNECT --->>> CONNECTION SUCCESSFUL
2017-06-24 15:04:22.143980 --->>> CONNECT --->>> CONNECTION SUCCESSFUL
2017-06-24 15:04:22.232067 --->>> CONNECT --->>> CONNECTION SUCCESSFUL
2017-06-24 15:06:09.719588 --->>> CONNECT --->>> CONNECTION SUCCESSFUL
2017-06-24 15:06:09.805899 --->>> CONNECT --->>> CONNECTION SUCCESSFUL
2017-06-24 15:06:24.446214 --->>> CONNECT --->>> CONNECTION SUCCESSFUL
2017-06-24 15:06:24.534208 --->>> CONNECT --->>> CONNECTION SUCCESSFUL
2017-06-24 15:07:28.001337 --->>> CONNECT --->>> CONNECTION SUCCESSFUL
2017-06-24 15:07:28.089297 --->>> CONNECT --->>> CONNECTION SUCCESSFUL
2017-06-24 15:07:33.668541 --->>> CONNECT --->>> CONNECTION SUCCESSFUL
2017-06-24 15:07:33.757085 --->>> CONNECT --->>> CONNECTION SUCCESSFUL
2017-06-24 15:07:35.421805 --->>> CONNECT --->>> CONNECTION SUCCESSFUL
2017-06-24 15:07:35.508030 --->>> CONNECT --->>> CONNECTION SUCCESSFUL
2017-06-24 15:07:37.799300 --->>> CONNECT --->>> CONNECTION SUCCESSFUL
2017-06-24 15:07:37.889511 --->>> CONNECT --->>> CONNECTION SUCCESSFUL
2017-06-24 15:08:28.277421 --->>> CONNECT --->>> CONNECTION SUCCESSFUL
2017-06-24 15:08:28.366499 --->>> CONNECT --->>> CONNECTION SUCCESSFUL
2017-06-24 15:08:29.792086 --->>> CONNECT --->>> CONNECTION SUCCESSFUL
2017-06-24 15:08:29.880499 --->>> CONNECT --->>> CONNECTION SUCCESSFUL
2017-06-24 15:08:34.669064 --->>> CONNECT --->>> CONNECTION SUCCESSFUL
2017-06-24 15:08:34.757532 --->>> CONNECT --->>> CONNECTION SUCCESSFUL
2017-06-24 16:10:09.214344 --->>> CONNECT --->>> CONNECTION SUCCESSFUL
2017-06-24 16:10:09.306022 --->>> CONNECT --->>> CONNECTION SUCCESSFUL
2017-06-24 16:13:09.836931 --->>> CONNECT --->>> CONNECTION SUCCESSFUL
2017-06-24 16:13:09.926880 --->>> CONNECT --->>> CONNECTION SUCCESSFUL
2017-06-24 16:14:43.891284 --->>> CONNECT --->>> CONNECTION SUCCESSFUL
2017-06-24 16:14:43.982766 --->>> CONNECT --->>> CONNECTION SUCCESSFUL
2017-06-24 16:14:51.834251 --->>> CONNECT --->>> CONNECTION SUCCESSFUL
2017-06-24 16:14:51.922297 --->>> CONNECT --->>> CONNECTION SUCCESSFUL
2017-06-24 16:34:40.971004 --->>> CONNECT --->>> CONNECTION SUCCESSFUL
2017-06-24 16:34:41.065037 --->>> CONNECT --->>> CONNECTION SUCCESSFUL
2017-06-24 16:34:47.560955 --->>> CONNECT --->>> CONNECTION SUCCESSFUL
2017-06-24 16:34:47.647545 --->>> CONNECT --->>> CONNECTION SUCCESSFUL
2017-06-24 16:41:48.945109 --->>> CONNECT --->>> CONNECTION SUCCESSFUL
2017-06-24 16:41:49.033954 --->>> CONNECT --->>> CONNECTION SUCCESSFUL
2017-06-24 16:43:16.027422 --->>> CONNECT --->>> CONNECTION SUCCESSFUL
2017-06-24 16:43:16.118745 --->>> CONNECT --->>> CONNECTION SUCCESSFUL
2017-06-24 16:44:52.577496 --->>> CONNECT --->>> CONNECTION SUCCESSFUL
2017-06-24 16:44:52.666705 --->>> CONNECT --->>> CONNECTION SUCCESSFUL
2017-06-24 16:45:54.395622 --->>> CONNECT --->>> CONNECTION SUCCESSFUL
2017-06-24 16:45:54.481933 --->>> CONNECT --->>> CONNECTION SUCCESSFUL
2017-06-24 16:47:50.708646 --->>> CONNECT --->>> CONNECTION SUCCESSFUL
2017-06-24 16:47:50.796112 --->>> CONNECT --->>> CONNECTION SUCCESSFUL
2017-06-24 16:48:03.678843 --->>> CONNECT --->>> CONNECTION SUCCESSFUL
2017-06-24 16:48:03.767058 --->>> CONNECT --->>> CONNECTION SUCCESSFUL
2017-06-24 16:48:53.162296 --->>> CONNECT --->>> CONNECTION SUCCESSFUL
2017-06-24 16:48:53.252076 --->>> CONNECT --->>> CONNECTION SUCCESSFUL
2017-06-24 16:50:20.670112 --->>> CONNECT --->>> CONNECTION SUCCESSFUL
2017-06-24 16:50:20.758163 --->>> CONNECT --->>> CONNECTION SUCCESSFUL
2017-06-24 16:51:35.080519 --->>> CONNECT --->>> CONNECTION SUCCESSFUL
2017-06-24 16:51:35.170300 --->>> CONNECT --->>> CONNECTION SUCCESSFUL
2017-06-24 16:51:36.885529 --->>> CONNECT --->>> CONNECTION SUCCESSFUL
2017-06-24 16:51:36.971764 --->>> CONNECT --->>> CONNECTION SUCCESSFUL
2017-06-24 16:56:24.074348 --->>> CONNECT --->>> CONNECTION SUCCESSFUL
2017-06-24 16:56:24.165249 --->>> CONNECT --->>> CONNECTION SUCCESSFUL
2017-06-24 16:57:21.127698 --->>> CONNECT --->>> CONNECTION SUCCESSFUL
2017-06-24 16:57:21.217112 --->>> CONNECT --->>> CONNECTION SUCCESSFUL
2017-06-24 16:57:29.759736 --->>> CONNECT --->>> CONNECTION SUCCESSFUL
2017-06-24 16:57:29.847964 --->>> CONNECT --->>> CONNECTION SUCCESSFUL
2017-06-24 16:58:06.995655 --->>> CONNECT --->>> CONNECTION SUCCESSFUL
2017-06-24 16:58:07.085738 --->>> CONNECT --->>> CONNECTION SUCCESSFUL
2017-06-24 17:31:14.012416 --->>> CONNECT --->>> CONNECTION SUCCESSFUL
2017-06-24 17:31:14.103364 --->>> CONNECT --->>> CONNECTION SUCCESSFUL
2017-06-24 17:32:29.180816 --->>> CONNECT --->>> CONNECTION SUCCESSFUL
2017-06-24 17:32:29.270426 --->>> CONNECT --->>> CONNECTION SUCCESSFUL
2017-06-24 17:32:33.354326 --->>> CONNECT --->>> CONNECTION SUCCESSFUL
2017-06-24 17:32:33.440604 --->>> CONNECT --->>> CONNECTION SUCCESSFUL
2017-06-24 17:33:06.317840 --->>> CONNECT --->>> CONNECTION SUCCESSFUL
2017-06-24 17:33:06.407492 --->>> CONNECT --->>> CONNECTION SUCCESSFUL
2017-06-24 17:34:36.053822 --->>> CONNECT --->>> CONNECTION SUCCESSFUL
2017-06-24 17:34:36.139969 --->>> CONNECT --->>> CONNECTION SUCCESSFUL
2017-06-24 17:34:39.688530 --->>> CONNECT --->>> CONNECTION SUCCESSFUL
2017-06-24 17:34:39.778139 --->>> CONNECT --->>> CONNECTION SUCCESSFUL
2017-06-24 17:34:48.851316 --->>> CONNECT --->>> CONNECTION SUCCESSFUL
2017-06-24 17:34:48.939194 --->>> CONNECT --->>> CONNECTION SUCCESSFUL
2017-06-24 17:34:54.094867 --->>> CONNECT --->>> CONNECTION SUCCESSFUL
2017-06-24 17:34:54.182706 --->>> CONNECT --->>> CONNECTION SUCCESSFUL
2017-06-24 17:36:21.367372 --->>> CONNECT --->>> CONNECTION SUCCESSFUL
2017-06-24 17:36:21.458557 --->>> CONNECT --->>> CONNECTION SUCCESSFUL
2017-06-24 17:36:59.917816 --->>> CONNECT --->>> CONNECTION SUCCESSFUL
2017-06-24 17:37:00.007878 --->>> CONNECT --->>> CONNECTION SUCCESSFUL
2017-06-24 17:37:07.352202 --->>> CONNECT --->>> CONNECTION SUCCESSFUL
2017-06-24 17:37:07.441202 --->>> CONNECT --->>> CONNECTION SUCCESSFUL
2017-06-24 17:37:14.468958 --->>> CONNECT --->>> CONNECTION SUCCESSFUL
2017-06-24 17:37:14.560739 --->>> CONNECT --->>> CONNECTION SUCCESSFUL
2017-06-24 17:39:18.970891 --->>> CONNECT --->>> CONNECTION SUCCESSFUL
2017-06-24 17:39:19.060697 --->>> CONNECT --->>> CONNECTION SUCCESSFUL
2017-06-24 17:40:05.882326 --->>> CONNECT --->>> CONNECTION SUCCESSFUL
2017-06-24 17:40:05.969057 --->>> CONNECT --->>> CONNECTION SUCCESSFUL
2017-06-24 17:40:08.306407 --->>> CONNECT --->>> CONNECTION SUCCESSFUL
2017-06-24 17:40:08.395230 --->>> CONNECT --->>> CONNECTION SUCCESSFUL
2017-06-24 17:40:25.378753 --->>> CONNECT --->>> CONNECTION SUCCESSFUL
2017-06-24 17:40:25.464965 --->>> CONNECT --->>> CONNECTION SUCCESSFUL
2017-06-24 17:40:29.587906 --->>> CONNECT --->>> CONNECTION SUCCESSFUL
2017-06-24 17:40:29.680445 --->>> CONNECT --->>> CONNECTION SUCCESSFUL
2017-06-24 17:40:45.516602 --->>> CONNECT --->>> CONNECTION SUCCESSFUL
2017-06-24 17:40:45.603204 --->>> CONNECT --->>> CONNECTION SUCCESSFUL
2017-06-24 17:40:50.710866 --->>> CONNECT --->>> CONNECTION SUCCESSFUL
2017-06-24 17:40:50.799386 --->>> CONNECT --->>> CONNECTION SUCCESSFUL
2017-06-24 17:41:04.943002 --->>> CONNECT --->>> CONNECTION SUCCESSFUL
2017-06-24 17:41:05.029866 --->>> CONNECT --->>> CONNECTION SUCCESSFUL
2017-06-24 17:41:17.138589 --->>> CONNECT --->>> CONNECTION SUCCESSFUL
2017-06-24 17:41:17.227767 --->>> CONNECT --->>> CONNECTION SUCCESSFUL
2017-06-24 17:41:59.250864 --->>> CONNECT --->>> CONNECTION SUCCESSFUL
2017-06-24 17:41:59.336981 --->>> CONNECT --->>> CONNECTION SUCCESSFUL
2017-06-24 17:42:04.210326 --->>> CONNECT --->>> CONNECTION SUCCESSFUL
2017-06-24 17:42:04.298810 --->>> CONNECT --->>> CONNECTION SUCCESSFUL
2017-06-24 17:43:42.926825 --->>> CONNECT --->>> CONNECTION SUCCESSFUL
2017-06-24 17:43:43.017025 --->>> CONNECT --->>> CONNECTION SUCCESSFUL
2017-06-24 17:43:48.147629 --->>> CONNECT --->>> CONNECTION SUCCESSFUL
2017-06-24 17:43:48.236765 --->>> CONNECT --->>> CONNECTION SUCCESSFUL
2017-06-24 18:05:09.326198 --->>> CONNECT --->>> CONNECTION SUCCESSFUL
2017-06-24 18:05:09.416864 --->>> CONNECT --->>> CONNECTION SUCCESSFUL
2017-06-24 18:05:16.271542 --->>> CONNECT --->>> CONNECTION SUCCESSFUL
2017-06-24 18:05:17.358619 --->>> CONNECT --->>> CONNECTION SUCCESSFUL
2017-06-24 18:06:13.660718 --->>> CONNECT --->>> CONNECTION SUCCESSFUL
2017-06-24 18:06:13.752971 --->>> CONNECT --->>> CONNECTION SUCCESSFUL
2017-06-24 18:06:15.634946 --->>> CONNECT --->>> CONNECTION SUCCESSFUL
2017-06-24 18:06:15.723027 --->>> CONNECT --->>> CONNECTION SUCCESSFUL
2017-06-24 18:07:02.510908 --->>> CONNECT --->>> CONNECTION SUCCESSFUL
2017-06-24 18:07:02.598843 --->>> CONNECT --->>> CONNECTION SUCCESSFUL
2017-06-24 18:07:07.411769 --->>> CONNECT --->>> CONNECTION SUCCESSFUL
2017-06-24 18:07:07.497978 --->>> CONNECT --->>> CONNECTION SUCCESSFUL
2017-06-24 18:07:18.627137 --->>> CONNECT --->>> CONNECTION SUCCESSFUL
2017-06-24 18:07:18.713965 --->>> CONNECT --->>> CONNECTION SUCCESSFUL
2017-06-24 18:07:22.397159 --->>> CONNECT --->>> CONNECTION SUCCESSFUL
2017-06-24 18:07:22.483463 --->>> CONNECT --->>> CONNECTION SUCCESSFUL
2017-06-24 18:07:25.789769 --->>> CONNECT --->>> CONNECTION SUCCESSFUL
2017-06-24 18:07:25.879552 --->>> CONNECT --->>> CONNECTION SUCCESSFUL
2017-06-24 18:07:28.302098 --->>> CONNECT --->>> CONNECTION SUCCESSFUL
2017-06-24 18:07:28.388927 --->>> CONNECT --->>> CONNECTION SUCCESSFUL
2017-06-24 18:11:42.944021 --->>> CONNECT --->>> CONNECTION SUCCESSFUL
2017-06-24 18:11:43.033158 --->>> CONNECT --->>> CONNECTION SUCCESSFUL
2017-06-24 18:12:06.007077 --->>> CONNECT --->>> CONNECTION SUCCESSFUL
2017-06-24 18:12:06.093773 --->>> CONNECT --->>> CONNECTION SUCCESSFUL
2017-06-24 18:12:10.048023 --->>> CONNECT --->>> CONNECTION SUCCESSFUL
2017-06-24 18:12:10.134195 --->>> CONNECT --->>> CONNECTION SUCCESSFUL
2017-06-24 18:12:12.641257 --->>> CONNECT --->>> CONNECTION SUCCESSFUL
2017-06-24 18:12:12.727293 --->>> CONNECT --->>> CONNECTION SUCCESSFUL
2017-06-24 18:12:15.068787 --->>> CONNECT --->>> CONNECTION SUCCESSFUL
2017-06-24 18:12:15.158179 --->>> CONNECT --->>> CONNECTION SUCCESSFUL
2017-06-24 18:12:20.521361 --->>> CONNECT --->>> CONNECTION SUCCESSFUL
2017-06-24 18:12:20.607834 --->>> CONNECT --->>> CONNECTION SUCCESSFUL
2017-06-24 18:12:24.323800 --->>> CONNECT --->>> CONNECTION SUCCESSFUL
2017-06-24 18:12:24.413183 --->>> CONNECT --->>> CONNECTION SUCCESSFUL
2017-06-24 18:13:14.860725 --->>> CONNECT --->>> CONNECTION SUCCESSFUL
2017-06-24 18:13:14.961707 --->>> CONNECT --->>> CONNECTION SUCCESSFUL
2017-06-24 18:13:17.294428 --->>> CONNECT --->>> CONNECTION SUCCESSFUL
2017-06-24 18:13:17.382936 --->>> CONNECT --->>> CONNECTION SUCCESSFUL
2017-06-24 18:13:19.056785 --->>> CONNECT --->>> CONNECTION SUCCESSFUL
2017-06-24 18:13:19.147568 --->>> CONNECT --->>> CONNECTION SUCCESSFUL
2017-06-24 18:13:22.695654 --->>> CONNECT --->>> CONNECTION SUCCESSFUL
2017-06-24 18:13:22.785928 --->>> CONNECT --->>> CONNECTION SUCCESSFUL
2017-06-24 18:13:25.355015 --->>> CONNECT --->>> CONNECTION SUCCESSFUL
2017-06-24 18:13:25.444118 --->>> CONNECT --->>> CONNECTION SUCCESSFUL
2017-06-24 18:13:28.391843 --->>> CONNECT --->>> CONNECTION SUCCESSFUL
2017-06-24 18:13:28.478274 --->>> CONNECT --->>> CONNECTION SUCCESSFUL
2017-06-24 18:13:31.878886 --->>> CONNECT --->>> CONNECTION SUCCESSFUL
2017-06-24 18:13:31.967415 --->>> CONNECT --->>> CONNECTION SUCCESSFUL
2017-06-24 18:20:21.494600 --->>> CONNECT --->>> CONNECTION SUCCESSFUL
2017-06-24 18:20:21.582599 --->>> CONNECT --->>> CONNECTION SUCCESSFUL
2017-06-24 18:20:30.780140 --->>> CONNECT --->>> CONNECTION SUCCESSFUL
2017-06-24 18:20:30.868205 --->>> CONNECT --->>> CONNECTION SUCCESSFUL
2017-06-24 18:20:57.626200 --->>> CONNECT --->>> CONNECTION SUCCESSFUL
2017-06-24 18:20:57.713005 --->>> CONNECT --->>> CONNECTION SUCCESSFUL
2017-06-24 18:20:59.975818 --->>> CONNECT --->>> CONNECTION SUCCESSFUL
2017-06-24 18:21:00.064169 --->>> CONNECT --->>> CONNECTION SUCCESSFUL
2017-06-24 18:31:46.548474 --->>> CONNECT --->>> CONNECTION SUCCESSFUL
2017-06-24 18:31:46.636783 --->>> CONNECT --->>> CONNECTION SUCCESSFUL
2017-06-24 18:31:50.200234 --->>> CONNECT --->>> CONNECTION SUCCESSFUL
2017-06-24 18:31:50.287178 --->>> CONNECT --->>> CONNECTION SUCCESSFUL
2017-06-24 18:31:51.842671 --->>> CONNECT --->>> CONNECTION SUCCESSFUL
2017-06-24 18:31:51.932049 --->>> CONNECT --->>> CONNECTION SUCCESSFUL
2017-06-24 18:31:53.721361 --->>> CONNECT --->>> CONNECTION SUCCESSFUL
2017-06-24 18:31:53.810376 --->>> CONNECT --->>> CONNECTION SUCCESSFUL
2017-06-24 18:34:51.137326 --->>> CONNECT --->>> CONNECTION SUCCESSFUL
2017-06-24 18:34:51.226701 --->>> CONNECT --->>> CONNECTION SUCCESSFUL
2017-06-24 18:35:42.513450 --->>> CONNECT --->>> CONNECTION SUCCESSFUL
2017-06-24 18:35:42.600201 --->>> CONNECT --->>> CONNECTION SUCCESSFUL
2017-06-24 18:36:21.349786 --->>> CONNECT --->>> CONNECTION SUCCESSFUL
2017-06-24 18:36:21.439636 --->>> CONNECT --->>> CONNECTION SUCCESSFUL
2017-06-24 18:36:24.597392 --->>> CONNECT --->>> CONNECTION SUCCESSFUL
2017-06-24 18:36:24.684212 --->>> CONNECT --->>> CONNECTION SUCCESSFUL
2017-06-24 18:36:25.929116 --->>> CONNECT --->>> CONNECTION SUCCESSFUL
2017-06-24 18:36:26.017489 --->>> CONNECT --->>> CONNECTION SUCCESSFUL
2017-06-24 18:36:30.156146 --->>> CONNECT --->>> CONNECTION SUCCESSFUL
2017-06-24 18:36:30.242374 --->>> CONNECT --->>> CONNECTION SUCCESSFUL
2017-06-24 18:36:34.676001 --->>> CONNECT --->>> CONNECTION SUCCESSFUL
2017-06-24 18:36:34.767327 --->>> CONNECT --->>> CONNECTION SUCCESSFUL
2017-06-24 18:37:10.939192 --->>> CONNECT --->>> CONNECTION SUCCESSFUL
2017-06-24 18:37:11.028426 --->>> CONNECT --->>> CONNECTION SUCCESSFUL
2017-06-24 18:42:16.772386 --->>> CONNECT --->>> CONNECTION SUCCESSFUL
2017-06-24 18:42:16.858970 --->>> CONNECT --->>> CONNECTION SUCCESSFUL
2017-06-24 18:42:45.177269 --->>> CONNECT --->>> CONNECTION SUCCESSFUL
2017-06-24 18:42:45.265286 --->>> CONNECT --->>> CONNECTION SUCCESSFUL
2017-06-24 18:44:47.869126 --->>> CONNECT --->>> CONNECTION SUCCESSFUL
2017-06-24 18:44:47.959241 --->>> CONNECT --->>> CONNECTION SUCCESSFUL
2017-06-24 18:45:50.594778 --->>> CONNECT --->>> CONNECTION SUCCESSFUL
2017-06-24 18:45:50.682742 --->>> CONNECT --->>> CONNECTION SUCCESSFUL
2017-06-24 18:47:06.009425 --->>> CONNECT --->>> CONNECTION SUCCESSFUL
2017-06-24 18:47:06.096367 --->>> CONNECT --->>> CONNECTION SUCCESSFUL
2017-06-24 18:49:34.286871 --->>> CONNECT --->>> CONNECTION SUCCESSFUL
2017-06-24 18:49:34.373012 --->>> CONNECT --->>> CONNECTION SUCCESSFUL
2017-06-24 18:49:59.198666 --->>> CONNECT --->>> CONNECTION SUCCESSFUL
2017-06-24 18:49:59.289530 --->>> CONNECT --->>> CONNECTION SUCCESSFUL
2017-06-24 18:50:15.147415 --->>> CONNECT --->>> CONNECTION SUCCESSFUL
2017-06-24 18:50:15.234145 --->>> CONNECT --->>> CONNECTION SUCCESSFUL
2017-06-24 18:50:18.799086 --->>> CONNECT --->>> CONNECTION SUCCESSFUL
2017-06-24 18:50:18.888451 --->>> CONNECT --->>> CONNECTION SUCCESSFUL
2017-06-24 18:51:40.597493 --->>> CONNECT --->>> CONNECTION SUCCESSFUL
2017-06-24 18:51:40.685992 --->>> CONNECT --->>> CONNECTION SUCCESSFUL
2017-06-24 18:52:36.046823 --->>> CONNECT --->>> CONNECTION SUCCESSFUL
2017-06-24 18:52:36.134860 --->>> CONNECT --->>> CONNECTION SUCCESSFUL
2017-06-24 18:54:42.744937 --->>> CONNECT --->>> CONNECTION SUCCESSFUL
2017-06-24 18:54:42.831152 --->>> CONNECT --->>> CONNECTION SUCCESSFUL
2017-06-24 18:56:00.772980 --->>> CONNECT --->>> CONNECTION SUCCESSFUL
2017-06-24 18:56:00.861041 --->>> CONNECT --->>> CONNECTION SUCCESSFUL
2017-06-24 18:56:50.973488 --->>> CONNECT --->>> CONNECTION SUCCESSFUL
2017-06-24 18:56:51.062310 --->>> CONNECT --->>> CONNECTION SUCCESSFUL
2017-06-24 18:56:58.844171 --->>> CONNECT --->>> CONNECTION SUCCESSFUL
2017-06-24 18:56:58.930427 --->>> CONNECT --->>> CONNECTION SUCCESSFUL
2017-06-24 18:57:00.448343 --->>> CONNECT --->>> CONNECTION SUCCESSFUL
2017-06-24 18:57:00.537653 --->>> CONNECT --->>> CONNECTION SUCCESSFUL
2017-06-24 18:57:01.637493 --->>> CON_ERROR --->>> (2003, "Can't connect to MySQL server on 'undefined' ([Errno -2] Name or service not known)")
2017-06-24 18:57:13.484966 --->>> CON_ERROR --->>> (2003, "Can't connect to MySQL server on 'undefined' ([Errno -2] Name or service not known)")
2017-06-24 18:57:17.809220 --->>> CON_ERROR --->>> (2003, "Can't connect to MySQL server on 'undefined' ([Errno -2] Name or service not known)")
2017-06-24 18:57:17.842028 --->>> CON_ERROR --->>> (2003, "Can't connect to MySQL server on 'undefined' ([Errno -2] Name or service not known)")
2017-06-24 18:57:19.806294 --->>> CON_ERROR --->>> (2003, "Can't connect to MySQL server on 'undefined' ([Errno -2] Name or service not known)")
2017-06-24 18:57:19.838706 --->>> CON_ERROR --->>> (2003, "Can't connect to MySQL server on 'undefined' ([Errno -2] Name or service not known)")
2017-06-24 18:57:21.065008 --->>> CON_ERROR --->>> (2003, "Can't connect to MySQL server on 'undefined' ([Errno -2] Name or service not known)")
2017-06-24 18:57:21.097585 --->>> CON_ERROR --->>> (2003, "Can't connect to MySQL server on 'undefined' ([Errno -2] Name or service not known)")
2017-06-24 18:57:22.877102 --->>> CON_ERROR --->>> (2003, "Can't connect to MySQL server on 'undefined' ([Errno -2] Name or service not known)")
2017-06-24 18:57:22.909807 --->>> CON_ERROR --->>> (2003, "Can't connect to MySQL server on 'undefined' ([Errno -2] Name or service not known)")
2017-06-24 19:03:17.488461 --->>> CON_ERROR --->>> (2003, "Can't connect to MySQL server on 'undefined' ([Errno -2] Name or service not known)")
2017-06-24 19:03:17.521685 --->>> CON_ERROR --->>> (2003, "Can't connect to MySQL server on 'undefined' ([Errno -2] Name or service not known)")
2017-06-24 19:03:44.234382 --->>> CON_ERROR --->>> (2003, "Can't connect to MySQL server on 'undefined' ([Errno -2] Name or service not known)")
2017-06-24 19:03:44.251346 --->>> CON_ERROR --->>> (2003, "Can't connect to MySQL server on 'undefined' ([Errno -2] Name or service not known)")
2017-06-24 19:03:46.981853 --->>> CON_ERROR --->>> (2003, "Can't connect to MySQL server on 'undefined' ([Errno -2] Name or service not known)")
2017-06-24 19:03:46.998672 --->>> CON_ERROR --->>> (2003, "Can't connect to MySQL server on 'undefined' ([Errno -2] Name or service not known)")
2017-06-24 19:03:49.304326 --->>> CON_ERROR --->>> (2003, "Can't connect to MySQL server on 'undefined' ([Errno -2] Name or service not known)")
2017-06-24 19:03:49.321038 --->>> CON_ERROR --->>> (2003, "Can't connect to MySQL server on 'undefined' ([Errno -2] Name or service not known)")
2017-06-24 19:03:50.532658 --->>> CON_ERROR --->>> (2003, "Can't connect to MySQL server on 'undefined' ([Errno -2] Name or service not known)")
2017-06-24 19:03:50.565499 --->>> CON_ERROR --->>> (2003, "Can't connect to MySQL server on 'undefined' ([Errno -2] Name or service not known)")
2017-06-24 19:06:16.824018 --->>> CON_ERROR --->>> (2003, "Can't connect to MySQL server on 'undefined' ([Errno -2] Name or service not known)")
2017-06-24 19:06:16.840562 --->>> CON_ERROR --->>> (2003, "Can't connect to MySQL server on 'undefined' ([Errno -2] Name or service not known)")
2017-06-24 19:06:20.198057 --->>> CON_ERROR --->>> (2003, "Can't connect to MySQL server on 'undefined' ([Errno -2] Name or service not known)")
2017-06-24 19:06:25.472686 --->>> CON_ERROR --->>> (2003, "Can't connect to MySQL server on 'undefined' ([Errno -2] Name or service not known)")
2017-06-24 19:06:30.813059 --->>> CON_ERROR --->>> (2003, "Can't connect to MySQL server on 'undefined' ([Errno -2] Name or service not known)")
2017-06-24 19:06:44.545524 --->>> CON_ERROR --->>> (2003, "Can't connect to MySQL server on 'undefined' ([Errno -2] Name or service not known)")
2017-06-24 19:07:45.290016 --->>> CON_ERROR --->>> (2003, "Can't connect to MySQL server on 'undefined' ([Errno -2] Name or service not known)")
2017-06-24 19:07:45.306447 --->>> CON_ERROR --->>> (2003, "Can't connect to MySQL server on 'undefined' ([Errno -2] Name or service not known)")
2017-06-24 19:07:50.212734 --->>> CON_ERROR --->>> (2003, "Can't connect to MySQL server on 'undefined' ([Errno -2] Name or service not known)")
2017-06-24 19:07:56.861574 --->>> CON_ERROR --->>> (2003, "Can't connect to MySQL server on 'undefined' ([Errno -2] Name or service not known)")
2017-06-24 19:08:58.433012 --->>> CON_ERROR --->>> (2003, "Can't connect to MySQL server on 'undefined' ([Errno -2] Name or service not known)")
2017-06-24 19:08:58.449665 --->>> CON_ERROR --->>> (2003, "Can't connect to MySQL server on 'undefined' ([Errno -2] Name or service not known)")
2017-06-24 19:09:05.024201 --->>> CON_ERROR --->>> (2003, "Can't connect to MySQL server on 'undefined' ([Errno -2] Name or service not known)")
2017-06-24 19:11:16.535030 --->>> CON_ERROR --->>> (2003, "Can't connect to MySQL server on 'undefined' ([Errno -2] Name or service not known)")
2017-06-24 19:11:16.551520 --->>> CON_ERROR --->>> (2003, "Can't connect to MySQL server on 'undefined' ([Errno -2] Name or service not known)")
2017-06-24 19:11:21.073622 --->>> CON_ERROR --->>> (2003, "Can't connect to MySQL server on 'undefined' ([Errno -2] Name or service not known)")
2017-06-24 19:12:10.312727 --->>> CON_ERROR --->>> (1045, "Access denied for user 'undefined'@'109.195.194.22' (using password: YES)")
2017-06-24 19:12:13.369569 --->>> CON_ERROR --->>> (1045, "Access denied for user 'undefined'@'109.195.194.22' (using password: YES)")
2017-06-24 19:12:13.434824 --->>> CON_ERROR --->>> (1045, "Access denied for user 'undefined'@'109.195.194.22' (using password: YES)")
2017-06-24 19:12:36.711913 --->>> CON_ERROR --->>> (2003, "Can't connect to MySQL server on 'undefined' ([Errno -2] Name or service not known)")
2017-06-24 19:12:40.342409 --->>> CON_ERROR --->>> (2003, "Can't connect to MySQL server on 'undefined' ([Errno -2] Name or service not known)")
2017-06-24 19:12:40.359052 --->>> CON_ERROR --->>> (2003, "Can't connect to MySQL server on 'undefined' ([Errno -2] Name or service not known)")
2017-06-24 19:12:42.085782 --->>> CON_ERROR --->>> (2003, "Can't connect to MySQL server on 'undefined' ([Errno -2] Name or service not known)")
2017-06-24 19:12:42.102477 --->>> CON_ERROR --->>> (2003, "Can't connect to MySQL server on 'undefined' ([Errno -2] Name or service not known)")
2017-06-24 19:12:43.290312 --->>> CON_ERROR --->>> (2003, "Can't connect to MySQL server on 'undefined' ([Errno -2] Name or service not known)")
2017-06-24 19:12:43.306938 --->>> CON_ERROR --->>> (2003, "Can't connect to MySQL server on 'undefined' ([Errno -2] Name or service not known)")
2017-06-24 19:12:48.561340 --->>> CON_ERROR --->>> (2003, "Can't connect to MySQL server on 'undefined' ([Errno -2] Name or service not known)")
2017-06-24 19:12:48.593863 --->>> CON_ERROR --->>> (2003, "Can't connect to MySQL server on 'undefined' ([Errno -2] Name or service not known)")
2017-06-24 19:13:00.978573 --->>> CON_ERROR --->>> (2003, "Can't connect to MySQL server on 'undefined' ([Errno -2] Name or service not known)")
2017-06-24 19:14:20.634516 --->>> CON_ERROR --->>> (2003, "Can't connect to MySQL server on 'undefined' ([Errno -2] Name or service not known)")
2017-06-24 19:14:20.651174 --->>> CON_ERROR --->>> (2003, "Can't connect to MySQL server on 'undefined' ([Errno -2] Name or service not known)")
2017-06-24 19:14:38.097310 --->>> CON_ERROR --->>> (1045, "Access denied for user 'undefined'@'109.195.194.22' (using password: YES)")
2017-06-24 19:14:43.606720 --->>> CON_ERROR --->>> (1045, "Access denied for user 'undefined'@'109.195.194.22' (using password: YES)")
2017-06-24 19:14:43.673769 --->>> CON_ERROR --->>> (1045, "Access denied for user 'undefined'@'109.195.194.22' (using password: YES)")
2017-06-24 19:14:54.857183 --->>> CONNECT --->>> CONNECTION SUCCESSFUL
2017-06-24 19:14:57.595083 --->>> CONNECT --->>> CONNECTION SUCCESSFUL
2017-06-24 19:14:57.681516 --->>> CONNECT --->>> CONNECTION SUCCESSFUL
2017-06-24 19:15:02.094012 --->>> CONNECT --->>> CONNECTION SUCCESSFUL
2017-06-24 19:15:02.182941 --->>> CONNECT --->>> CONNECTION SUCCESSFUL
2017-06-24 19:15:04.763002 --->>> CON_ERROR --->>> (1045, "Access denied for user 'test1'@'109.195.194.22' (using password: YES)")
2017-06-24 19:15:07.695662 --->>> CON_ERROR --->>> (1045, "Access denied for user 'test1'@'109.195.194.22' (using password: YES)")
2017-06-24 19:15:07.763385 --->>> CON_ERROR --->>> (1045, "Access denied for user 'test1'@'109.195.194.22' (using password: YES)")
2017-06-24 19:15:11.534044 --->>> CONNECT --->>> CONNECTION SUCCESSFUL
2017-06-24 19:15:13.242971 --->>> CONNECT --->>> CONNECTION SUCCESSFUL
2017-06-24 19:15:13.330767 --->>> CONNECT --->>> CONNECTION SUCCESSFUL
2017-06-24 19:15:59.474482 --->>> CONNECT --->>> CONNECTION SUCCESSFUL
2017-06-24 19:15:59.562440 --->>> CONNECT --->>> CONNECTION SUCCESSFUL
2017-06-24 19:16:01.596506 --->>> CONNECT --->>> CONNECTION SUCCESSFUL
2017-06-24 19:16:01.684373 --->>> CONNECT --->>> CONNECTION SUCCESSFUL
2017-06-24 19:16:04.572349 --->>> CON_ERROR --->>> (1045, "Access denied for user 'test1'@'109.195.194.22' (using password: YES)")
2017-06-24 19:16:11.154689 --->>> CONNECT --->>> CONNECTION SUCCESSFUL
2017-06-24 19:19:25.225740 --->>> CONNECT --->>> CONNECTION SUCCESSFUL
2017-06-24 19:19:27.257542 --->>> CONNECT --->>> CONNECTION SUCCESSFUL
2017-06-24 19:19:27.345733 --->>> CONNECT --->>> CONNECTION SUCCESSFUL
2017-06-24 19:19:28.380982 --->>> CONNECT --->>> CONNECTION SUCCESSFUL
2017-06-24 19:20:18.217840 --->>> CONNECT --->>> CONNECTION SUCCESSFUL
2017-06-24 19:20:18.305710 --->>> CONNECT --->>> CONNECTION SUCCESSFUL
2017-06-24 19:20:20.946140 --->>> CONNECT --->>> CONNECTION SUCCESSFUL
2017-06-24 19:20:21.033896 --->>> CONNECT --->>> CONNECTION SUCCESSFUL
2017-06-24 19:20:21.839523 --->>> CONNECT --->>> CONNECTION SUCCESSFUL
2017-06-24 19:20:24.525804 --->>> CON_ERROR --->>> (1045, "Access denied for user 'test1'@'109.195.194.22' (using password: YES)")
2017-06-24 19:20:27.250549 --->>> CON_ERROR --->>> (1045, "Access denied for user 'test1'@'109.195.194.22' (using password: YES)")
2017-06-24 19:20:27.318376 --->>> CON_ERROR --->>> (1045, "Access denied for user 'test1'@'109.195.194.22' (using password: YES)")
2017-06-24 19:20:31.631446 --->>> CONNECT --->>> CONNECTION SUCCESSFUL
2017-06-24 19:21:44.518100 --->>> CONNECT --->>> CONNECTION SUCCESSFUL
2017-06-24 19:21:44.608972 --->>> CONNECT --->>> CONNECTION SUCCESSFUL
2017-06-24 19:21:46.135583 --->>> CONNECT --->>> CONNECTION SUCCESSFUL
2017-06-24 19:21:46.223422 --->>> CONNECT --->>> CONNECTION SUCCESSFUL
2017-06-24 19:21:48.471267 --->>> CONNECT --->>> CONNECTION SUCCESSFUL
2017-06-24 19:21:48.561966 --->>> CONNECT --->>> CONNECTION SUCCESSFUL
2017-06-24 19:22:03.123504 --->>> CONNECT --->>> CONNECTION SUCCESSFUL
2017-06-24 19:22:03.209754 --->>> CONNECT --->>> CONNECTION SUCCESSFUL
2017-06-24 19:22:12.815604 --->>> CONNECT --->>> CONNECTION SUCCESSFUL
2017-06-24 19:22:12.908050 --->>> CONNECT --->>> CONNECTION SUCCESSFUL
2017-06-24 19:23:21.030979 --->>> CONNECT --->>> CONNECTION SUCCESSFUL
2017-06-24 19:23:21.118003 --->>> CONNECT --->>> CONNECTION SUCCESSFUL
2017-06-24 19:23:22.290405 --->>> CONNECT --->>> CONNECTION SUCCESSFUL
2017-06-24 19:23:22.379814 --->>> CONNECT --->>> CONNECTION SUCCESSFUL
2017-06-24 19:23:57.315126 --->>> CONNECT --->>> CONNECTION SUCCESSFUL
2017-06-24 19:23:57.404876 --->>> CONNECT --->>> CONNECTION SUCCESSFUL
2017-06-24 19:23:58.524282 --->>> CONNECT --->>> CONNECTION SUCCESSFUL
2017-06-24 19:23:58.610757 --->>> CONNECT --->>> CONNECTION SUCCESSFUL
2017-06-24 19:25:48.074917 --->>> CONNECT --->>> CONNECTION SUCCESSFUL
2017-06-24 19:25:48.163085 --->>> CONNECT --->>> CONNECTION SUCCESSFUL
2017-06-24 19:25:50.124169 --->>> CONNECT --->>> CONNECTION SUCCESSFUL
2017-06-24 19:25:50.212608 --->>> CONNECT --->>> CONNECTION SUCCESSFUL
2017-06-24 19:26:00.779473 --->>> CONNECT --->>> CONNECTION SUCCESSFUL
2017-06-24 19:26:00.869124 --->>> CONNECT --->>> CONNECTION SUCCESSFUL
2017-06-24 19:27:24.638169 --->>> CONNECT --->>> CONNECTION SUCCESSFUL
2017-06-24 19:27:24.726291 --->>> CONNECT --->>> CONNECTION SUCCESSFUL
2017-06-24 19:27:26.593105 --->>> CONNECT --->>> CONNECTION SUCCESSFUL
2017-06-24 19:27:26.681661 --->>> CONNECT --->>> CONNECTION SUCCESSFUL
2017-06-24 19:27:29.635983 --->>> CONNECT --->>> CONNECTION SUCCESSFUL
2017-06-24 19:27:29.722599 --->>> CONNECT --->>> CONNECTION SUCCESSFUL
2017-06-24 19:27:52.280377 --->>> CONNECT --->>> CONNECTION SUCCESSFUL
2017-06-24 19:27:52.366958 --->>> CONNECT --->>> CONNECTION SUCCESSFUL
2017-06-24 19:27:53.786472 --->>> CONNECT --->>> CONNECTION SUCCESSFUL
2017-06-24 19:27:53.875493 --->>> CONNECT --->>> CONNECTION SUCCESSFUL
2017-06-24 19:28:18.723064 --->>> CONNECT --->>> CONNECTION SUCCESSFUL
2017-06-24 19:28:18.809841 --->>> CONNECT --->>> CONNECTION SUCCESSFUL
2017-06-24 19:28:20.562881 --->>> CONNECT --->>> CONNECTION SUCCESSFUL
2017-06-24 19:28:20.652685 --->>> CONNECT --->>> CONNECTION SUCCESSFUL
2017-06-24 19:29:00.822394 --->>> CONNECT --->>> CONNECTION SUCCESSFUL
2017-06-24 19:29:00.912818 --->>> CONNECT --->>> CONNECTION SUCCESSFUL
2017-06-24 19:29:04.082430 --->>> CONNECT --->>> CONNECTION SUCCESSFUL
2017-06-24 19:29:04.169139 --->>> CONNECT --->>> CONNECTION SUCCESSFUL
2017-06-24 19:32:55.436878 --->>> CONNECT --->>> CONNECTION SUCCESSFUL
2017-06-24 19:32:55.525155 --->>> CONNECT --->>> CONNECTION SUCCESSFUL
2017-06-24 19:33:09.858840 --->>> CONNECT --->>> CONNECTION SUCCESSFUL
2017-06-24 19:33:09.949851 --->>> CONNECT --->>> CONNECTION SUCCESSFUL
2017-06-24 19:33:17.710769 --->>> CONNECT --->>> CONNECTION SUCCESSFUL
2017-06-24 19:33:17.799916 --->>> CONNECT --->>> CONNECTION SUCCESSFUL
2017-06-24 19:33:21.955540 --->>> CONNECT --->>> CONNECTION SUCCESSFUL
2017-06-24 19:33:22.044991 --->>> CONNECT --->>> CONNECTION SUCCESSFUL
2017-06-24 19:33:24.209348 --->>> CONNECT --->>> CONNECTION SUCCESSFUL
2017-06-24 19:33:26.314734 --->>> CONNECT --->>> CONNECTION SUCCESSFUL
2017-06-24 19:33:26.405458 --->>> CONNECT --->>> CONNECTION SUCCESSFUL
2017-06-24 19:34:34.966061 --->>> CONNECT --->>> CONNECTION SUCCESSFUL
2017-06-24 19:34:35.054605 --->>> CONNECT --->>> CONNECTION SUCCESSFUL
2017-06-24 19:34:36.391275 --->>> CONNECT --->>> CONNECTION SUCCESSFUL
2017-06-24 19:34:36.480950 --->>> CONNECT --->>> CONNECTION SUCCESSFUL
2017-06-24 19:36:09.176585 --->>> CONNECT --->>> CONNECTION SUCCESSFUL
2017-06-24 19:36:09.267270 --->>> CONNECT --->>> CONNECTION SUCCESSFUL
2017-06-24 19:38:22.575141 --->>> CONNECT --->>> CONNECTION SUCCESSFUL
2017-06-24 19:38:22.663050 --->>> CONNECT --->>> CONNECTION SUCCESSFUL
2017-06-24 19:38:23.916048 --->>> CONNECT --->>> CONNECTION SUCCESSFUL
2017-06-24 19:38:24.003674 --->>> CONNECT --->>> CONNECTION SUCCESSFUL
2017-06-24 19:38:24.998714 --->>> CONNECT --->>> CONNECTION SUCCESSFUL
2017-06-24 19:38:25.091071 --->>> CONNECT --->>> CONNECTION SUCCESSFUL
2017-06-24 19:42:03.450334 --->>> CONNECT --->>> CONNECTION SUCCESSFUL
2017-06-24 19:42:03.540767 --->>> CONNECT --->>> CONNECTION SUCCESSFUL
2017-06-24 19:42:05.266954 --->>> CONNECT --->>> CONNECTION SUCCESSFUL
2017-06-24 19:42:05.354004 --->>> CONNECT --->>> CONNECTION SUCCESSFUL
2017-06-24 19:42:10.727552 --->>> CON_ERROR --->>> (1045, "Access denied for user 'test1'@'109.195.194.22' (using password: YES)")
2017-06-24 19:42:42.362856 --->>> CON_ERROR --->>> (1045, "Access denied for user 'test1'@'109.195.194.22' (using password: YES)")
2017-06-24 19:42:42.432887 --->>> CON_ERROR --->>> (1045, "Access denied for user 'test1'@'109.195.194.22' (using password: YES)")
2017-06-24 19:42:48.062080 --->>> CON_ERROR --->>> (1045, "Access denied for user 'test1'@'109.195.194.22' (using password: YES)")
2017-06-24 19:42:48.129299 --->>> CON_ERROR --->>> (1045, "Access denied for user 'test1'@'109.195.194.22' (using password: YES)")
2017-06-24 19:42:49.965325 --->>> CON_ERROR --->>> (1045, "Access denied for user 'test1'@'109.195.194.22' (using password: YES)")
2017-06-24 19:42:52.574619 --->>> CON_ERROR --->>> (1045, "Access denied for user 'test1'@'109.195.194.22' (using password: YES)")
2017-06-24 19:42:52.641370 --->>> CON_ERROR --->>> (1045, "Access denied for user 'test1'@'109.195.194.22' (using password: YES)")
2017-06-24 19:42:53.694675 --->>> CON_ERROR --->>> (1045, "Access denied for user 'test1'@'109.195.194.22' (using password: YES)")
2017-06-24 19:42:53.762436 --->>> CON_ERROR --->>> (1045, "Access denied for user 'test1'@'109.195.194.22' (using password: YES)")
2017-06-24 19:43:17.336749 --->>> CON_ERROR --->>> (1045, "Access denied for user 'test1'@'109.195.194.22' (using password: YES)")
2017-06-24 19:43:17.401621 --->>> CON_ERROR --->>> (1045, "Access denied for user 'test1'@'109.195.194.22' (using password: YES)")
2017-06-24 19:43:19.144330 --->>> CON_ERROR --->>> (1045, "Access denied for user 'test1'@'109.195.194.22' (using password: YES)")
2017-06-24 19:43:19.213101 --->>> CON_ERROR --->>> (1045, "Access denied for user 'test1'@'109.195.194.22' (using password: YES)")
2017-06-24 19:43:24.920438 --->>> CONNECT --->>> CONNECTION SUCCESSFUL
2017-06-24 19:43:28.009757 --->>> CON_ERROR --->>> (1045, "Access denied for user 'test1'@'109.195.194.22' (using password: YES)")
2017-06-24 19:43:36.185634 --->>> CONNECT --->>> CONNECTION SUCCESSFUL
2017-06-24 19:43:38.363430 --->>> CONNECT --->>> CONNECTION SUCCESSFUL
2017-06-24 19:43:38.451868 --->>> CONNECT --->>> CONNECTION SUCCESSFUL
2017-06-24 19:44:41.434447 --->>> CONNECT --->>> CONNECTION SUCCESSFUL
2017-06-24 19:44:41.522577 --->>> CONNECT --->>> CONNECTION SUCCESSFUL
2017-06-24 19:44:41.552100 --->>> CONNECT --->>> CONNECTION SUCCESSFUL
2017-06-24 19:44:44.383178 --->>> CONNECT --->>> CONNECTION SUCCESSFUL
2017-06-24 19:44:44.384654 --->>> CONNECT --->>> CONNECTION SUCCESSFUL
2017-06-24 19:44:44.470763 --->>> CONNECT --->>> CONNECTION SUCCESSFUL
2017-06-24 19:44:44.473190 --->>> CONNECT --->>> CONNECTION SUCCESSFUL
2017-06-24 19:44:46.652684 --->>> CONNECT --->>> CONNECTION SUCCESSFUL
2017-06-24 19:44:46.654575 --->>> CONNECT --->>> CONNECTION SUCCESSFUL
2017-06-24 19:44:46.739251 --->>> CONNECT --->>> CONNECTION SUCCESSFUL
2017-06-24 19:44:46.743476 --->>> CONNECT --->>> CONNECTION SUCCESSFUL
2017-06-24 19:44:49.407844 --->>> CON_ERROR --->>> (1045, "Access denied for user 'test1'@'109.195.194.22' (using password: YES)")
2017-06-24 19:44:49.410574 --->>> CON_ERROR --->>> (1045, "Access denied for user 'test1'@'109.195.194.22' (using password: YES)")
2017-06-24 19:44:55.868693 --->>> CON_ERROR --->>> (1045, "Access denied for user 'test1'@'109.195.194.22' (using password: YES)")
2017-06-24 19:44:55.874009 --->>> CON_ERROR --->>> (1045, "Access denied for user 'test1'@'109.195.194.22' (using password: YES)")
2017-06-24 19:44:55.934905 --->>> CON_ERROR --->>> (1045, "Access denied for user 'test1'@'109.195.194.22' (using password: YES)")
2017-06-24 19:44:55.940368 --->>> CON_ERROR --->>> (1045, "Access denied for user 'test1'@'109.195.194.22' (using password: YES)")
2017-06-24 19:44:59.070366 --->>> CONNECT --->>> CONNECTION SUCCESSFUL
2017-06-24 19:44:59.072948 --->>> CONNECT --->>> CONNECTION SUCCESSFUL
2017-06-24 19:45:03.007505 --->>> CONNECT --->>> CONNECTION SUCCESSFUL
2017-06-24 19:45:03.009687 --->>> CONNECT --->>> CONNECTION SUCCESSFUL
2017-06-24 19:45:07.524820 --->>> CONNECT --->>> CONNECTION SUCCESSFUL
2017-06-24 19:45:07.524978 --->>> CONNECT --->>> CONNECTION SUCCESSFUL
2017-06-24 19:45:22.140936 --->>> CONNECT --->>> CONNECTION SUCCESSFUL
2017-06-24 19:45:22.227190 --->>> CONNECT --->>> CONNECTION SUCCESSFUL
