2017-07-01 20:09:00 | MYSQL | CON_SUCCESSFUL
2017-07-01 20:09:00 | MYSQL | CON_SUCCESSFUL
2017-07-01 20:10:39 | MYSQL | CON_SUCCESSFUL
2017-07-01 20:10:39 | MYSQL | CON_SUCCESSFUL
2017-07-01 20:10:46 | MYSQL | SAVE_SETTINGS
2017-07-01 20:10:46 | MYSQL | CON_SUCCESSFUL
2017-07-01 20:10:54 | MYSQL | CON_SUCCESSFUL
2017-07-01 20:10:54 | MYSQL | CON_SUCCESSFUL
2017-07-01 20:10:57 | MYSQL | CON_SUCCESSFUL
2017-07-01 20:10:58 | MYSQL | CON_SUCCESSFUL
2017-07-01 20:11:03 | MYSQL | CON_SUCCESSFUL
2017-07-01 20:11:04 | MYSQL | CON_SUCCESSFUL
2017-07-01 20:11:05 | MYSQL | SAVE_SETTINGS
2017-07-01 20:11:05 | MYSQL | CON_SUCCESSFUL
2017-07-01 20:11:07 | MYSQL | CON_SUCCESSFUL
2017-07-01 20:11:07 | MYSQL | CON_SUCCESSFUL
2017-07-01 20:11:10 | MYSQL | CON_SUCCESSFUL
2017-07-01 20:11:10 | MYSQL | CON_SUCCESSFUL
2017-07-01 20:14:00 | MYSQL | CON_SUCCESSFUL
2017-07-01 20:14:00 | MYSQL | CON_SUCCESSFUL
2017-07-01 20:14:33 | MYSQL | SAVE_SETTINGS
2017-07-01 20:14:34 | MYSQL | CON_SUCCESSFUL
2017-07-01 20:14:37 | MYSQL | CON_SUCCESSFUL
2017-07-01 20:14:37 | MYSQL | CON_SUCCESSFUL
2017-07-01 20:16:47 | MYSQL | CON_SUCCESSFUL
2017-07-01 20:16:47 | MYSQL | CON_SUCCESSFUL
2017-07-01 20:17:21 | MYSQL | CON_SUCCESSFUL
2017-07-01 20:17:21 | MYSQL | CON_SUCCESSFUL
2017-07-01 20:17:24 | MYSQL | SAVE_SETTINGS
2017-07-01 20:17:24 | MYSQL | CON_SUCCESSFUL
2017-07-01 20:17:28 | MYSQL | CON_SUCCESSFUL
2017-07-01 20:17:28 | MYSQL | CON_SUCCESSFUL
2017-07-01 20:17:34 | MYSQL | SAVE_SETTINGS
2017-07-01 20:17:34 | MYSQL_ER | (1045, "Access denied for user 'test1'@'109.195.194.22' (using password: YES)")
2017-07-01 20:17:39 | MYSQL_ER | (1045, "Access denied for user 'test1'@'109.195.194.22' (using password: YES)")
2017-07-01 20:17:39 | MYSQL_ER | (1045, "Access denied for user 'test1'@'109.195.194.22' (using password: YES)")
2017-07-01 20:17:42 | MYSQL | SAVE_SETTINGS
2017-07-01 20:17:42 | MYSQL | CON_SUCCESSFUL
2017-07-01 20:18:03 | MYSQL | CON_SUCCESSFUL
2017-07-01 20:18:03 | MYSQL | CON_SUCCESSFUL
2017-07-01 20:20:52 | MYSQL | CON_SUCCESSFUL
2017-07-01 20:20:52 | MYSQL | CON_SUCCESSFUL
2017-07-01 20:20:53 | MYSQL | CON_SUCCESSFUL
2017-07-01 20:20:53 | MYSQL | CON_SUCCESSFUL
2017-07-01 20:21:05 | MYSQL | CON_SUCCESSFUL
2017-07-01 20:21:05 | MYSQL | CON_SUCCESSFUL
2017-07-01 20:21:59 | MYSQL | CON_SUCCESSFUL
2017-07-01 20:21:59 | MYSQL | CON_SUCCESSFUL
2017-07-01 20:23:15 | MYSQL | CON_SUCCESSFUL
2017-07-01 20:23:15 | MYSQL | CON_SUCCESSFUL
2017-07-01 20:23:17 | MYSQL | CON_SUCCESSFUL
2017-07-01 20:23:17 | MYSQL | CON_SUCCESSFUL
2017-07-01 20:27:04 | MYSQL | CON_SUCCESSFUL
2017-07-01 20:27:05 | MYSQL | CON_SUCCESSFUL
2017-07-01 20:27:06 | MYSQL | CON_SUCCESSFUL
2017-07-01 20:27:07 | MYSQL | CON_SUCCESSFUL
2017-07-01 20:27:07 | MYSQL | CON_SUCCESSFUL
2017-07-01 20:27:07 | MYSQL | CON_SUCCESSFUL
2017-07-01 20:27:40 | MYSQL | CON_SUCCESSFUL
2017-07-01 20:27:41 | MYSQL | CON_SUCCESSFUL
2017-07-01 20:27:42 | MYSQL | CON_SUCCESSFUL
2017-07-01 20:27:42 | MYSQL | CON_SUCCESSFUL
2017-07-01 20:27:43 | MYSQL | CON_SUCCESSFUL
2017-07-01 20:27:43 | MYSQL | CON_SUCCESSFUL
2017-07-01 20:29:19 | MYSQL | CON_SUCCESSFUL
2017-07-01 20:29:19 | MYSQL | CON_SUCCESSFUL
2017-07-01 20:29:20 | MYSQL | CON_SUCCESSFUL
2017-07-01 20:29:20 | MYSQL | CON_SUCCESSFUL
2017-07-01 20:29:40 | MYSQL | CON_SUCCESSFUL
2017-07-01 20:29:40 | MYSQL | CON_SUCCESSFUL
2017-07-01 20:31:07 | MYSQL | CON_SUCCESSFUL
2017-07-01 20:31:07 | MYSQL | CON_SUCCESSFUL
2017-07-01 20:32:16 | MYSQL | CON_SUCCESSFUL
2017-07-01 20:32:16 | MYSQL | CON_SUCCESSFUL
2017-07-01 20:32:33 | MYSQL | CON_SUCCESSFUL
2017-07-01 20:32:33 | MYSQL | CON_SUCCESSFUL
2017-07-01 20:33:10 | MYSQL | CON_SUCCESSFUL
2017-07-01 20:33:10 | MYSQL | CON_SUCCESSFUL
2017-07-01 20:34:56 | MYSQL | CON_SUCCESSFUL
2017-07-01 20:34:56 | MYSQL | CON_SUCCESSFUL
2017-07-01 20:35:51 | MYSQL | CON_SUCCESSFUL
2017-07-01 20:35:52 | MYSQL | CON_SUCCESSFUL
2017-07-01 20:36:01 | MYSQL | SAVE_SETTINGS
2017-07-01 20:36:01 | MYSQL | CON_SUCCESSFUL
2017-07-01 20:45:37 | MYSQL | CON_SUCCESSFUL
2017-07-01 20:45:37 | MYSQL | CON_SUCCESSFUL
2017-07-01 20:45:41 | MYSQL | CON_SUCCESSFUL
2017-07-01 20:45:41 | MYSQL | CON_SUCCESSFUL
2017-07-01 23:12:52 | MYSQL | CON_SUCCESSFUL
2017-07-01 23:12:52 | MYSQL | CON_SUCCESSFUL
2017-07-01 23:13:29 | MYSQL | CON_SUCCESSFUL
2017-07-01 23:13:29 | MYSQL | CON_SUCCESSFUL
2017-07-01 23:13:32 | MYSQL | CON_SUCCESSFUL
2017-07-01 23:13:32 | MYSQL | CON_SUCCESSFUL
2017-07-01 23:13:59 | MYSQL | CON_SUCCESSFUL
2017-07-01 23:13:59 | MYSQL | CON_SUCCESSFUL
2017-07-01 23:15:19 | MYSQL | CON_SUCCESSFUL
2017-07-01 23:15:19 | MYSQL | CON_SUCCESSFUL
2017-07-01 23:15:33 | MYSQL | CON_SUCCESSFUL
2017-07-01 23:15:33 | MYSQL | CON_SUCCESSFUL
2017-07-01 23:16:35 | MYSQL | CON_SUCCESSFUL
2017-07-01 23:16:35 | MYSQL | CON_SUCCESSFUL
2017-07-01 23:16:37 | MYSQL | CON_SUCCESSFUL
2017-07-01 23:16:37 | MYSQL | CON_SUCCESSFUL
2017-07-01 23:18:48 | MYSQL | CON_SUCCESSFUL
2017-07-01 23:18:48 | MYSQL | CON_SUCCESSFUL
2017-07-01 23:19:06 | MYSQL | CON_SUCCESSFUL
2017-07-01 23:19:06 | MYSQL | CON_SUCCESSFUL
2017-07-01 23:21:09 | MYSQL | CON_SUCCESSFUL
2017-07-01 23:21:09 | MYSQL | CON_SUCCESSFUL
2017-07-01 23:21:45 | MYSQL | CON_SUCCESSFUL
2017-07-01 23:21:45 | MYSQL | CON_SUCCESSFUL
2017-07-01 23:22:01 | MYSQL | CON_SUCCESSFUL
2017-07-01 23:22:01 | MYSQL | CON_SUCCESSFUL
2017-07-01 23:22:10 | MYSQL | CON_SUCCESSFUL
2017-07-01 23:22:11 | MYSQL | CON_SUCCESSFUL
2017-07-01 23:23:17 | MYSQL | CON_SUCCESSFUL
2017-07-01 23:23:17 | MYSQL | CON_SUCCESSFUL
2017-07-01 23:23:55 | MYSQL | CON_SUCCESSFUL
2017-07-01 23:23:55 | MYSQL | CON_SUCCESSFUL
2017-07-01 23:24:20 | MYSQL | CON_SUCCESSFUL
2017-07-01 23:24:20 | MYSQL | CON_SUCCESSFUL
2017-07-01 23:25:15 | MYSQL | CON_SUCCESSFUL
2017-07-01 23:25:15 | MYSQL | CON_SUCCESSFUL
2017-07-01 23:25:22 | MYSQL | CON_SUCCESSFUL
2017-07-01 23:25:22 | MYSQL | CON_SUCCESSFUL
2017-07-01 23:25:29 | MYSQL | CON_SUCCESSFUL
2017-07-01 23:25:29 | MYSQL | CON_SUCCESSFUL
2017-07-01 23:25:45 | MYSQL | CON_SUCCESSFUL
2017-07-01 23:25:45 | MYSQL | CON_SUCCESSFUL
2017-07-01 23:25:52 | MYSQL | CON_SUCCESSFUL
2017-07-01 23:25:52 | MYSQL | CON_SUCCESSFUL
2017-07-01 23:26:00 | MYSQL | CON_SUCCESSFUL
2017-07-01 23:26:00 | MYSQL | CON_SUCCESSFUL
2017-07-01 23:26:04 | MYSQL | CON_SUCCESSFUL
2017-07-01 23:26:05 | MYSQL | CON_SUCCESSFUL
2017-07-01 23:26:09 | MYSQL | CON_SUCCESSFUL
2017-07-01 23:26:09 | MYSQL | CON_SUCCESSFUL
2017-07-01 23:26:14 | MYSQL | CON_SUCCESSFUL
2017-07-01 23:26:14 | MYSQL | CON_SUCCESSFUL
2017-07-01 23:27:51 | MYSQL | CON_SUCCESSFUL
2017-07-01 23:27:51 | MYSQL | CON_SUCCESSFUL
2017-07-01 23:28:04 | MYSQL | CON_SUCCESSFUL
2017-07-01 23:28:04 | MYSQL | CON_SUCCESSFUL
2017-07-01 23:28:12 | MYSQL | CON_SUCCESSFUL
2017-07-01 23:28:13 | MYSQL | CON_SUCCESSFUL
2017-07-01 23:28:31 | MYSQL | CON_SUCCESSFUL
2017-07-01 23:28:31 | MYSQL | CON_SUCCESSFUL
2017-07-01 23:28:42 | MYSQL | CON_SUCCESSFUL
2017-07-01 23:28:42 | MYSQL | CON_SUCCESSFUL
2017-07-01 23:29:55 | MYSQL | SAVE_SETTINGS
2017-07-01 23:29:55 | MYSQL | CON_SUCCESSFUL
2017-07-01 23:30:05 | MYSQL | CON_SUCCESSFUL
2017-07-01 23:30:05 | MYSQL | CON_SUCCESSFUL
2017-07-01 23:30:12 | MYSQL | CON_SUCCESSFUL
2017-07-01 23:30:12 | MYSQL | CON_SUCCESSFUL
2017-07-01 23:35:10 | MYSQL | CON_SUCCESSFUL
2017-07-01 23:35:10 | MYSQL | CON_SUCCESSFUL
2017-07-02 00:40:16 | MYSQL | CON_SUCCESSFUL
2017-07-02 00:40:16 | MYSQL | CON_SUCCESSFUL
2017-07-02 00:40:52 | MYSQL | CON_SUCCESSFUL
2017-07-02 00:40:52 | MYSQL | CON_SUCCESSFUL
2017-07-02 00:41:01 | MYSQL | CON_SUCCESSFUL
2017-07-02 00:41:01 | MYSQL | CON_SUCCESSFUL
2017-07-02 00:41:02 | MYSQL | CON_SUCCESSFUL
2017-07-02 00:41:02 | MYSQL | CON_SUCCESSFUL
2017-07-02 00:41:24 | MYSQL | CON_SUCCESSFUL
2017-07-02 00:41:24 | MYSQL | CON_SUCCESSFUL
2017-07-02 00:54:38 | MYSQL | CON_SUCCESSFUL
2017-07-02 00:54:38 | MYSQL | CON_SUCCESSFUL
2017-07-02 01:02:50 | MYSQL | CON_SUCCESSFUL
2017-07-02 01:02:50 | MYSQL | CON_SUCCESSFUL
2017-07-02 01:03:17 | MYSQL | CON_SUCCESSFUL
2017-07-02 01:03:17 | MYSQL | CON_SUCCESSFUL
2017-07-02 01:03:42 | MYSQL | CON_SUCCESSFUL
2017-07-02 01:03:42 | MYSQL | CON_SUCCESSFUL
2017-07-02 01:03:49 | MYSQL | CON_SUCCESSFUL
2017-07-02 01:03:49 | MYSQL | CON_SUCCESSFUL
2017-07-02 01:04:05 | MYSQL | SAVE_SETTINGS
2017-07-02 01:04:05 | MYSQL | CON_SUCCESSFUL
2017-07-02 01:14:52 | MYSQL | CON_SUCCESSFUL
2017-07-02 01:14:52 | MYSQL | CONN_SUCCESSFUL
2017-07-02 01:14:52 | MYSQL_ER | (1046, 'No database selected')
2017-07-02 01:15:42 | MYSQL | CON_SUCCESSFUL
2017-07-02 01:15:42 | MYSQL | CONN_SUCCESSFUL
2017-07-02 01:15:42 | MYSQL_ER | (1046, 'No database selected')
2017-07-02 01:15:44 | MYSQL | CON_SUCCESSFUL
2017-07-02 01:15:44 | MYSQL | CON_SUCCESSFUL
2017-07-02 01:15:44 | MYSQL | CONN_SUCCESSFUL
2017-07-02 01:15:44 | MYSQL | CONN_SUCCESSFUL
2017-07-02 01:15:44 | MYSQL_ER | (1046, 'No database selected')
2017-07-02 01:15:44 | MYSQL_ER | (1046, 'No database selected')
2017-07-02 01:17:36 | MYSQL | CON_SUCCESSFUL
2017-07-02 01:17:36 | MYSQL | CON_SUCCESSFUL
2017-07-02 01:18:24 | MYSQL | CON_SUCCESSFUL
2017-07-02 01:18:25 | MYSQL | CONN_SUCCESSFUL
2017-07-02 01:18:25 | MYSQL_ER | (1046, 'No database selected')
2017-07-02 01:18:30 | MYSQL | CON_SUCCESSFUL
2017-07-02 01:18:30 | MYSQL | CON_SUCCESSFUL
2017-07-02 01:18:30 | MYSQL | CONN_SUCCESSFUL
2017-07-02 01:18:30 | MYSQL | CONN_SUCCESSFUL
2017-07-02 01:18:30 | MYSQL | EXECUTE_OK
2017-07-02 01:18:30 | MYSQL | EXECUTE_OK
2017-07-02 01:18:52 | MYSQL | CON_SUCCESSFUL
2017-07-02 01:18:52 | MYSQL | CON_SUCCESSFUL
2017-07-02 01:18:59 | MYSQL | CON_SUCCESSFUL
2017-07-02 01:18:59 | MYSQL | CONN_SUCCESSFUL
2017-07-02 01:18:59 | MYSQL | EXECUTE_OK
2017-07-02 01:19:02 | MYSQL | CON_SUCCESSFUL
2017-07-02 01:19:03 | MYSQL | CONN_SUCCESSFUL
2017-07-02 01:19:03 | MYSQL | EXECUTE_OK
2017-07-02 01:19:08 | MYSQL | CON_SUCCESSFUL
2017-07-02 01:19:08 | MYSQL | CONN_SUCCESSFUL
2017-07-02 01:19:08 | MYSQL | EXECUTE_OK
2017-07-02 01:19:09 | MYSQL | CON_SUCCESSFUL
2017-07-02 01:19:09 | MYSQL | CONN_SUCCESSFUL
2017-07-02 01:19:09 | MYSQL | EXECUTE_OK
2017-07-02 01:19:27 | MYSQL | CON_SUCCESSFUL
2017-07-02 01:19:27 | MYSQL | CONN_SUCCESSFUL
2017-07-02 01:19:27 | MYSQL | EXECUTE_OK
2017-07-02 01:19:39 | MYSQL | CON_SUCCESSFUL
2017-07-02 01:19:39 | MYSQL | CON_SUCCESSFUL
2017-07-02 01:19:39 | MYSQL | CONN_SUCCESSFUL
2017-07-02 01:19:39 | MYSQL | CONN_SUCCESSFUL
2017-07-02 01:19:39 | MYSQL | EXECUTE_OK
2017-07-02 01:19:39 | MYSQL | EXECUTE_OK
2017-07-02 01:19:41 | MYSQL | CON_SUCCESSFUL
2017-07-02 01:19:41 | MYSQL | CON_SUCCESSFUL
2017-07-02 01:19:41 | MYSQL | CON_SUCCESSFUL
2017-07-02 01:19:41 | MYSQL | CON_SUCCESSFUL
2017-07-02 01:19:41 | MYSQL | CONN_SUCCESSFUL
2017-07-02 01:19:41 | MYSQL | CONN_SUCCESSFUL
2017-07-02 01:19:41 | MYSQL | CONN_SUCCESSFUL
2017-07-02 01:19:41 | MYSQL | CONN_SUCCESSFUL
2017-07-02 01:19:41 | MYSQL | EXECUTE_OK
2017-07-02 01:19:41 | MYSQL | EXECUTE_OK
2017-07-02 01:19:41 | MYSQL | EXECUTE_OK
2017-07-02 01:19:41 | MYSQL | EXECUTE_OK
2017-07-02 01:20:42 | MYSQL | CON_SUCCESSFUL
2017-07-02 01:20:42 | MYSQL | CONN_SUCCESSFUL
2017-07-02 01:20:42 | MYSQL | EXECUTE_OK
2017-07-02 01:20:48 | MYSQL | CON_SUCCESSFUL
2017-07-02 01:20:48 | MYSQL | CONN_SUCCESSFUL
2017-07-02 01:20:48 | MYSQL | EXECUTE_OK
2017-07-02 01:20:51 | MYSQL | CON_SUCCESSFUL
2017-07-02 01:20:51 | MYSQL | CON_SUCCESSFUL
2017-07-02 01:20:54 | MYSQL | CON_SUCCESSFUL
2017-07-02 01:20:54 | MYSQL | CON_SUCCESSFUL
2017-07-02 01:20:56 | MYSQL | SAVE_SETTINGS
2017-07-02 01:20:56 | MYSQL | CON_SUCCESSFUL
2017-07-02 01:21:01 | MYSQL | CON_SUCCESSFUL
2017-07-02 01:21:01 | MYSQL | CONN_SUCCESSFUL
2017-07-02 01:21:01 | MYSQL | EXECUTE_OK
2017-07-02 01:22:08 | MYSQL | CON_SUCCESSFUL
2017-07-02 01:22:08 | MYSQL | CONN_SUCCESSFUL
2017-07-02 01:22:08 | MYSQL | EXECUTE_OK
2017-07-02 01:22:16 | MYSQL | CON_SUCCESSFUL
2017-07-02 01:22:16 | MYSQL | CON_SUCCESSFUL
2017-07-02 01:22:18 | MYSQL | CON_SUCCESSFUL
2017-07-02 01:22:18 | MYSQL | CON_SUCCESSFUL
2017-07-02 01:22:22 | MYSQL | CON_SUCCESSFUL
2017-07-02 01:22:22 | MYSQL | CONN_SUCCESSFUL
2017-07-02 01:22:22 | MYSQL | EXECUTE_OK
2017-07-02 01:24:01 | MYSQL | CON_SUCCESSFUL
2017-07-02 01:24:01 | MYSQL | CONN_SUCCESSFUL
2017-07-02 01:24:01 | MYSQL | EXECUTE_OK
2017-07-02 01:24:23 | MYSQL | CON_SUCCESSFUL
2017-07-02 01:24:23 | MYSQL | CONN_SUCCESSFUL
2017-07-02 01:24:23 | MYSQL | EXECUTE_OK
2017-07-02 01:24:29 | MYSQL | CON_SUCCESSFUL
2017-07-02 01:24:30 | MYSQL | CONN_SUCCESSFUL
2017-07-02 01:24:30 | MYSQL | EXECUTE_OK
2017-07-02 01:24:32 | MYSQL | CON_SUCCESSFUL
2017-07-02 01:24:32 | MYSQL | CONN_SUCCESSFUL
2017-07-02 01:24:32 | MYSQL | EXECUTE_OK
2017-07-02 01:24:36 | MYSQL | CON_SUCCESSFUL
2017-07-02 01:24:36 | MYSQL | CONN_SUCCESSFUL
2017-07-02 01:24:36 | MYSQL | EXECUTE_OK
2017-07-02 01:26:38 | MYSQL | CON_SUCCESSFUL
2017-07-02 01:26:38 | MYSQL | CONN_SUCCESSFUL
2017-07-02 01:26:38 | MYSQL | EXECUTE_OK
2017-07-02 01:27:43 | MYSQL | CON_SUCCESSFUL
2017-07-02 01:27:44 | MYSQL | CONN_SUCCESSFUL
2017-07-02 01:27:44 | MYSQL | EXECUTE_OK
2017-07-02 01:27:44 | MYSQL | CON_SUCCESSFUL
2017-07-02 01:27:44 | MYSQL | CON_SUCCESSFUL
2017-07-02 01:27:44 | MYSQL | CONN_SUCCESSFUL
2017-07-02 01:27:44 | MYSQL | CONN_SUCCESSFUL
2017-07-02 01:27:44 | MYSQL | EXECUTE_OK
2017-07-02 01:27:44 | MYSQL | EXECUTE_OK
2017-07-02 01:27:44 | MYSQL | CON_SUCCESSFUL
2017-07-02 01:27:45 | MYSQL | CONN_SUCCESSFUL
2017-07-02 01:27:45 | MYSQL | EXECUTE_OK
2017-07-02 01:27:45 | MYSQL | CON_SUCCESSFUL
2017-07-02 01:27:45 | MYSQL | CONN_SUCCESSFUL
2017-07-02 01:27:45 | MYSQL | EXECUTE_OK
2017-07-02 01:27:45 | MYSQL | CON_SUCCESSFUL
2017-07-02 01:27:45 | MYSQL | CONN_SUCCESSFUL
2017-07-02 01:27:45 | MYSQL | CON_SUCCESSFUL
2017-07-02 01:27:45 | MYSQL | EXECUTE_OK
2017-07-02 01:27:45 | MYSQL | CONN_SUCCESSFUL
2017-07-02 01:27:45 | MYSQL | EXECUTE_OK
2017-07-02 01:27:45 | MYSQL | CON_SUCCESSFUL
2017-07-02 01:27:46 | MYSQL | CONN_SUCCESSFUL
2017-07-02 01:27:46 | MYSQL | EXECUTE_OK
2017-07-02 01:27:47 | MYSQL | CON_SUCCESSFUL
2017-07-02 01:27:47 | MYSQL | CONN_SUCCESSFUL
2017-07-02 01:27:47 | MYSQL | EXECUTE_OK
2017-07-02 01:27:48 | MYSQL | CON_SUCCESSFUL
2017-07-02 01:27:48 | MYSQL | CONN_SUCCESSFUL
2017-07-02 01:27:48 | MYSQL | EXECUTE_OK
2017-07-02 01:27:57 | MYSQL | CON_SUCCESSFUL
2017-07-02 01:27:58 | MYSQL | CONN_SUCCESSFUL
2017-07-02 01:27:58 | MYSQL | EXECUTE_OK
2017-07-02 01:34:32 | MYSQL | CON_SUCCESSFUL
2017-07-02 01:34:32 | MYSQL | CONN_SUCCESSFUL
2017-07-02 01:34:32 | MYSQL | EXECUTE_OK
2017-07-02 01:34:38 | MYSQL | CON_SUCCESSFUL
2017-07-02 01:34:38 | MYSQL | CONN_SUCCESSFUL
2017-07-02 01:34:38 | MYSQL | EXECUTE_OK
2017-07-02 01:35:40 | MYSQL | CON_SUCCESSFUL
2017-07-02 01:35:40 | MYSQL | CONN_SUCCESSFUL
2017-07-02 01:35:40 | MYSQL | EXECUTE_OK
2017-07-02 01:36:32 | MYSQL | CON_SUCCESSFUL
2017-07-02 01:36:32 | MYSQL | CONN_SUCCESSFUL
2017-07-02 01:36:32 | MYSQL | EXECUTE_OK
2017-07-02 01:36:37 | MYSQL | CON_SUCCESSFUL
2017-07-02 01:36:37 | MYSQL | CONN_SUCCESSFUL
2017-07-02 01:36:37 | MYSQL | EXECUTE_OK
2017-07-02 01:37:19 | MYSQL | CON_SUCCESSFUL
2017-07-02 01:37:19 | MYSQL | CONN_SUCCESSFUL
2017-07-02 01:37:19 | MYSQL | EXECUTE_OK
2017-07-02 01:37:55 | MYSQL | CON_SUCCESSFUL
2017-07-02 01:37:55 | MYSQL | CONN_SUCCESSFUL
2017-07-02 01:37:56 | MYSQL | EXECUTE_OK
2017-07-02 01:38:00 | MYSQL | CON_SUCCESSFUL
2017-07-02 01:38:00 | MYSQL | CONN_SUCCESSFUL
2017-07-02 01:38:00 | MYSQL | EXECUTE_OK
2017-07-02 01:39:09 | MYSQL | CON_SUCCESSFUL
2017-07-02 01:39:09 | MYSQL | CONN_SUCCESSFUL
2017-07-02 01:39:09 | MYSQL | EXECUTE_OK
2017-07-02 01:39:24 | MYSQL | CON_SUCCESSFUL
2017-07-02 01:39:24 | MYSQL | CONN_SUCCESSFUL
2017-07-02 01:39:24 | MYSQL | EXECUTE_OK
2017-07-02 01:39:39 | MYSQL | CON_SUCCESSFUL
2017-07-02 01:39:39 | MYSQL | CONN_SUCCESSFUL
2017-07-02 01:39:39 | MYSQL | EXECUTE_OK
2017-07-02 01:40:29 | MYSQL | CON_SUCCESSFUL
2017-07-02 01:40:29 | MYSQL | CONN_SUCCESSFUL
2017-07-02 01:40:29 | MYSQL | EXECUTE_OK
2017-07-02 01:41:17 | MYSQL | CON_SUCCESSFUL
2017-07-02 01:41:17 | MYSQL | CONN_SUCCESSFUL
2017-07-02 01:41:17 | MYSQL | EXECUTE_OK
2017-07-02 01:41:26 | MYSQL | CON_SUCCESSFUL
2017-07-02 01:41:26 | MYSQL | CONN_SUCCESSFUL
2017-07-02 01:41:26 | MYSQL | EXECUTE_OK
2017-07-02 01:43:17 | MYSQL | CON_SUCCESSFUL
2017-07-02 01:43:17 | MYSQL | CONN_SUCCESSFUL
2017-07-02 01:43:18 | MYSQL | EXECUTE_OK
2017-07-02 02:09:48 | MYSQL | CON_SUCCESSFUL
2017-07-02 02:09:48 | MYSQL | CON_SUCCESSFUL
2017-07-02 02:11:07 | MYSQL | CON_SUCCESSFUL
2017-07-02 02:11:07 | MYSQL | CONN_SUCCESSFUL
2017-07-02 02:11:07 | MYSQL | EXECUTE_OK
2017-07-02 02:11:34 | MYSQL | CON_SUCCESSFUL
2017-07-02 02:11:35 | MYSQL | CONN_SUCCESSFUL
2017-07-02 02:11:35 | MYSQL | EXECUTE_OK
2017-07-02 02:11:45 | MYSQL | CON_SUCCESSFUL
2017-07-02 02:11:45 | MYSQL | CONN_SUCCESSFUL
2017-07-02 02:11:45 | MYSQL | EXECUTE_OK
2017-07-02 02:11:56 | MYSQL | CON_SUCCESSFUL
2017-07-02 02:11:56 | MYSQL | CONN_SUCCESSFUL
2017-07-02 02:11:56 | MYSQL | EXECUTE_OK
2017-07-02 02:12:15 | MYSQL | CON_SUCCESSFUL
2017-07-02 02:12:15 | MYSQL | CON_SUCCESSFUL
2017-07-02 02:12:30 | MYSQL | CON_SUCCESSFUL
2017-07-02 02:12:30 | MYSQL | CONN_SUCCESSFUL
2017-07-02 02:12:30 | MYSQL | EXECUTE_OK
2017-07-02 02:12:49 | MYSQL | CON_SUCCESSFUL
2017-07-02 02:12:49 | MYSQL | CONN_SUCCESSFUL
2017-07-02 02:12:50 | MYSQL | EXECUTE_OK
2017-07-02 02:14:15 | MYSQL | CON_SUCCESSFUL
2017-07-02 02:14:15 | MYSQL | CONN_SUCCESSFUL
2017-07-02 02:14:15 | MYSQL | EXECUTE_OK
2017-07-02 02:14:21 | MYSQL | CON_SUCCESSFUL
2017-07-02 02:14:21 | MYSQL | CONN_SUCCESSFUL
2017-07-02 02:14:21 | MYSQL | EXECUTE_OK
2017-07-02 02:14:26 | MYSQL | CON_SUCCESSFUL
2017-07-02 02:14:26 | MYSQL | CONN_SUCCESSFUL
2017-07-02 02:14:26 | MYSQL | EXECUTE_OK
2017-07-02 02:14:28 | MYSQL | CON_SUCCESSFUL
2017-07-02 02:14:28 | MYSQL | CONN_SUCCESSFUL
2017-07-02 02:14:28 | MYSQL | EXECUTE_OK
2017-07-02 02:17:02 | MYSQL | CON_SUCCESSFUL
2017-07-02 02:17:02 | MYSQL | CONN_SUCCESSFUL
2017-07-02 02:17:02 | MYSQL | EXECUTE_OK
2017-07-02 02:18:14 | MYSQL | CON_SUCCESSFUL
2017-07-02 02:18:14 | MYSQL | CONN_SUCCESSFUL
2017-07-02 02:18:14 | MYSQL | EXECUTE_OK
2017-07-02 02:18:49 | MYSQL | CON_SUCCESSFUL
2017-07-02 02:18:49 | MYSQL | CONN_SUCCESSFUL
2017-07-02 02:18:49 | MYSQL | EXECUTE_OK
2017-07-02 02:18:58 | MYSQL | CON_SUCCESSFUL
2017-07-02 02:18:58 | MYSQL | CONN_SUCCESSFUL
2017-07-02 02:18:58 | MYSQL | EXECUTE_OK
2017-07-02 02:19:07 | MYSQL | CON_SUCCESSFUL
2017-07-02 02:19:07 | MYSQL | CONN_SUCCESSFUL
2017-07-02 02:19:07 | MYSQL | EXECUTE_OK
2017-07-02 02:19:13 | MYSQL | CON_SUCCESSFUL
2017-07-02 02:19:13 | MYSQL | CON_SUCCESSFUL
2017-07-02 02:19:35 | MYSQL | CON_SUCCESSFUL
2017-07-02 02:19:35 | MYSQL | CONN_SUCCESSFUL
2017-07-02 02:19:35 | MYSQL | EXECUTE_OK
2017-07-02 02:19:36 | MYSQL | CON_SUCCESSFUL
2017-07-02 02:19:37 | MYSQL | CONN_SUCCESSFUL
2017-07-02 02:19:37 | MYSQL | EXECUTE_OK
2017-07-02 02:19:37 | MYSQL | CON_SUCCESSFUL
2017-07-02 02:19:37 | MYSQL | CONN_SUCCESSFUL
2017-07-02 02:19:37 | MYSQL | EXECUTE_OK
2017-07-02 02:19:37 | MYSQL | CON_SUCCESSFUL
2017-07-02 02:19:37 | MYSQL | CONN_SUCCESSFUL
2017-07-02 02:19:37 | MYSQL | EXECUTE_OK
2017-07-02 02:19:37 | MYSQL | CON_SUCCESSFUL
2017-07-02 02:19:37 | MYSQL | CONN_SUCCESSFUL
2017-07-02 02:19:37 | MYSQL | EXECUTE_OK
2017-07-02 02:20:14 | MYSQL | CON_SUCCESSFUL
2017-07-02 02:20:14 | MYSQL | CONN_SUCCESSFUL
2017-07-02 02:20:14 | MYSQL | EXECUTE_OK
2017-07-02 02:20:24 | MYSQL | CON_SUCCESSFUL
2017-07-02 02:20:25 | MYSQL | CONN_SUCCESSFUL
2017-07-02 02:20:25 | MYSQL | EXECUTE_OK
2017-07-02 02:20:29 | MYSQL | CON_SUCCESSFUL
2017-07-02 02:20:29 | MYSQL | CON_SUCCESSFUL
2017-07-02 02:22:03 | MYSQL | CON_SUCCESSFUL
2017-07-02 02:22:03 | MYSQL | CONN_SUCCESSFUL
2017-07-02 02:22:03 | MYSQL | EXECUTE_OK
2017-07-02 02:22:03 | NOT_FOUND | Не удалось найти информацию о ТД.
2017-07-02 02:22:05 | MYSQL | CON_SUCCESSFUL
2017-07-02 02:22:05 | MYSQL | CONN_SUCCESSFUL
2017-07-02 02:22:05 | MYSQL | EXECUTE_OK
2017-07-02 02:22:05 | NOT_FOUND | Не удалось найти информацию о ТД.
2017-07-02 02:24:33 | MYSQL | CON_SUCCESSFUL
2017-07-02 02:24:33 | MYSQL | CON_SUCCESSFUL
2017-07-02 02:24:33 | MYSQL | EXECUTE_OK
2017-07-02 02:24:33 | NOT_FOUND | Не удалось найти информацию о ТД.
2017-07-02 02:36:34 | MYSQL | CON_SUCCESSFUL
2017-07-02 02:36:34 | MYSQL | EXECUTE_OK
2017-07-02 02:38:06 | MYSQL | CON_SUCCESSFUL
2017-07-02 02:38:06 | MYSQL | EXECUTE_OK
2017-07-02 02:38:06 | NOT_FOUND | Не удалось найти информацию о ТД.
2017-07-02 02:38:14 | MYSQL | CON_SUCCESSFUL
2017-07-02 02:38:14 | MYSQL | EXECUTE_OK
2017-07-02 02:38:14 | FOUND | Информация о ТД найдена.
2017-07-02 02:44:43 | MYSQL | CON_SUCCESSFUL
2017-07-02 02:44:43 | MYSQL | EXECUTE_OK
2017-07-02 02:50:54 | MYSQL | CON_SUCCESSFUL
2017-07-02 02:50:54 | MYSQL | EXECUTE_OK
2017-07-02 02:53:11 | MYSQL | CON_SUCCESSFUL
2017-07-02 02:53:11 | MYSQL | EXECUTE_OK
2017-07-02 02:53:29 | MYSQL | CON_SUCCESSFUL
2017-07-02 02:53:30 | MYSQL | CON_SUCCESSFUL
2017-07-02 02:54:07 | MYSQL | CON_SUCCESSFUL
2017-07-02 02:54:08 | MYSQL | EXECUTE_OK
2017-07-02 02:54:08 | FOUND | Информация о ТД найдена.
2017-07-02 02:54:22 | MYSQL | CON_SUCCESSFUL
2017-07-02 02:54:22 | MYSQL | EXECUTE_OK
2017-07-02 02:54:22 | FOUND | Информация о ТД найдена.
2017-07-02 02:59:28 | MYSQL | CON_SUCCESSFUL
2017-07-02 02:59:28 | MYSQL | EXECUTE_OK
2017-07-02 03:00:35 | MYSQL | CON_SUCCESSFUL
2017-07-02 03:00:35 | MYSQL | EXECUTE_OK
2017-07-02 03:00:35 | FOUND | Информация о ТД найдена.
2017-07-02 03:00:40 | MYSQL | CON_SUCCESSFUL
2017-07-02 03:00:40 | MYSQL | CON_SUCCESSFUL
2017-07-02 04:28:14 | MYSQL | CON_SUCCESSFUL
2017-07-02 04:28:14 | MYSQL | EXECUTE_OK
2017-07-02 04:28:14 | FOUND | Информация о ТД найдена.
2017-07-02 04:28:23 | MYSQL | CON_SUCCESSFUL
2017-07-02 04:28:23 | MYSQL | EXECUTE_OK
2017-07-02 04:29:08 | MYSQL | CON_SUCCESSFUL
2017-07-02 04:29:08 | MYSQL | CON_SUCCESSFUL
